RUN	SpringBootSimulation	springbootsimulation	1618732509695	 	3.5.0
USER	SpringBootSimulation	START	1618732511707
USER	SpringBootSimulation	START	1618732511708
USER	SpringBootSimulation	START	1618732511708
USER	SpringBootSimulation	START	1618732511707
USER	SpringBootSimulation	START	1618732511707
USER	SpringBootSimulation	START	1618732511707
USER	SpringBootSimulation	START	1618732511707
USER	SpringBootSimulation	START	1618732511708
USER	SpringBootSimulation	START	1618732511707
USER	SpringBootSimulation	START	1618732511708
REQUEST		springboot_home	1618732511771	1618732511845	OK	 
REQUEST		springboot_home	1618732511770	1618732511845	OK	 
REQUEST		springboot_home	1618732511771	1618732511845	OK	 
REQUEST		springboot_home	1618732511770	1618732511844	OK	 
REQUEST		springboot_home	1618732511770	1618732511844	OK	 
REQUEST		springboot_home	1618732511771	1618732511844	OK	 
REQUEST		springboot_home	1618732511770	1618732511845	OK	 
REQUEST		springboot_home	1618732511771	1618732511844	OK	 
REQUEST		springboot_home	1618732511770	1618732511844	OK	 
REQUEST		springboot_home	1618732511771	1618732511845	OK	 
REQUEST		springboot_home Redirect 1	1618732511882	1618732512052	OK	 
REQUEST		springboot_home Redirect 1	1618732511876	1618732512060	OK	 
REQUEST		springboot_home Redirect 1	1618732511877	1618732512040	OK	 
REQUEST		springboot_home Redirect 1	1618732511875	1618732512044	OK	 
REQUEST		springboot_home Redirect 1	1618732511875	1618732512044	OK	 
REQUEST		springboot_home Redirect 1	1618732511877	1618732512055	OK	 
REQUEST		springboot_home	1618732512064	1618732512100	OK	 
REQUEST		springboot_home Redirect 1	1618732511875	1618732512100	OK	 
REQUEST		springboot_home	1618732512064	1618732512101	OK	 
REQUEST		springboot_home	1618732512064	1618732512101	OK	 
REQUEST		springboot_home Redirect 1	1618732511883	1618732512101	OK	 
REQUEST		springboot_home	1618732512064	1618732512102	OK	 
REQUEST		springboot_home Redirect 1	1618732511877	1618732512100	OK	 
REQUEST		springboot_home	1618732512064	1618732512102	OK	 
REQUEST		springboot_home	1618732512064	1618732512108	OK	 
REQUEST		springboot_home	1618732512102	1618732512147	OK	 
REQUEST		springboot_home	1618732512103	1618732512147	OK	 
REQUEST		springboot_home Redirect 1	1618732512102	1618732512147	OK	 
REQUEST		springboot_home Redirect 1	1618732512102	1618732512148	OK	 
REQUEST		springboot_home Redirect 1	1618732512101	1618732512147	OK	 
REQUEST		springboot_home Redirect 1	1618732512102	1618732512148	OK	 
REQUEST		springboot_home	1618732512103	1618732512149	OK	 
REQUEST		springboot_home Redirect 1	1618732512108	1618732512152	OK	 
REQUEST		springboot_home	1618732512149	1618732512376	OK	 
REQUEST		springboot_home	1618732512149	1618732512376	OK	 
REQUEST		springboot_home	1618732512149	1618732512379	OK	 
REQUEST		springboot_home Redirect 1	1618732512148	1618732512385	OK	 
REQUEST		springboot_home Redirect 1	1618732512149	1618732512387	OK	 
REQUEST		springboot_home Redirect 1	1618732512103	1618732512388	OK	 
REQUEST		springboot_home	1618732512149	1618732512392	OK	 
REQUEST		springboot_home	1618732512154	1618732512392	OK	 
REQUEST		springboot_home Redirect 1	1618732512148	1618732512398	OK	 
REQUEST		springboot_home	1618732512392	1618732512431	OK	 
REQUEST		springboot_home	1618732512402	1618732512431	OK	 
REQUEST		springboot_home	1618732512390	1618732512431	OK	 
REQUEST		springboot_home	1618732512402	1618732512431	OK	 
REQUEST		springboot_home	1618732512392	1618732512431	OK	 
REQUEST		springboot_home	1618732512402	1618732512431	OK	 
REQUEST		springboot_home	1618732512402	1618732512431	OK	 
REQUEST		springboot_home	1618732512402	1618732512431	OK	 
REQUEST		springboot_home	1618732512402	1618732512431	OK	 
REQUEST		springboot_home	1618732512433	1618732512447	OK	 
REQUEST		springboot_home	1618732512433	1618732512447	OK	 
REQUEST		springboot_home	1618732512434	1618732512448	OK	 
REQUEST		springboot_home	1618732512435	1618732512448	OK	 
REQUEST		springboot_home	1618732512436	1618732512448	OK	 
REQUEST		springboot_home	1618732512433	1618732512448	OK	 
REQUEST		springboot_home	1618732512433	1618732512460	OK	 
REQUEST		springboot_home	1618732512434	1618732512460	OK	 
REQUEST		springboot_home	1618732512433	1618732512460	OK	 
REQUEST		springboot_home Redirect 1	1618732511879	1618732512460	OK	 
REQUEST		springboot_home	1618732512450	1618732512462	OK	 
REQUEST		springboot_home	1618732512450	1618732512462	OK	 
REQUEST		springboot_home	1618732512451	1618732512469	OK	 
REQUEST		springboot_home	1618732512451	1618732512469	OK	 
REQUEST		springboot_home	1618732512451	1618732512469	OK	 
REQUEST		springboot_home	1618732512451	1618732512469	OK	 
REQUEST		springboot_home	1618732512464	1618732512478	OK	 
REQUEST		springboot_home	1618732512462	1618732512478	OK	 
REQUEST		springboot_home	1618732512463	1618732512486	OK	 
REQUEST		springboot_home	1618732512472	1618732512486	OK	 
REQUEST		springboot_home	1618732512464	1618732512486	OK	 
REQUEST		springboot_home	1618732512462	1618732512486	OK	 
REQUEST		springboot_home	1618732512462	1618732512486	OK	 
REQUEST		springboot_home	1618732512472	1618732512489	OK	 
REQUEST		springboot_home	1618732512472	1618732512489	OK	 
REQUEST		springboot_home	1618732512472	1618732512491	OK	 
REQUEST		springboot_home	1618732512480	1618732512493	OK	 
REQUEST		springboot_home	1618732512493	1618732512966	OK	 
REQUEST		springboot_home	1618732512495	1618732512966	OK	 
REQUEST		springboot_home	1618732512491	1618732512966	OK	 
REQUEST		springboot_home	1618732512490	1618732512966	OK	 
REQUEST		springboot_home	1618732512491	1618732512967	OK	 
REQUEST		springboot_home	1618732512489	1618732512969	OK	 
REQUEST		springboot_home	1618732512489	1618732512974	OK	 
REQUEST		springboot_home	1618732512489	1618732512974	OK	 
REQUEST		springboot_home Redirect 1	1618732512479	1618732512975	OK	 
REQUEST		springboot_home	1618732512492	1618732512966	OK	 
REQUEST		springboot_home	1618732512971	1618732512984	OK	 
REQUEST		springboot_home	1618732512971	1618732512984	OK	 
REQUEST		springboot_home	1618732512971	1618732512984	OK	 
REQUEST		springboot_home	1618732512978	1618732512991	OK	 
REQUEST		springboot_home	1618732512974	1618732512991	OK	 
REQUEST		springboot_home	1618732512972	1618732512991	OK	 
REQUEST		springboot_home	1618732512976	1618732512991	OK	 
REQUEST		springboot_home	1618732512981	1618732512996	OK	 
REQUEST		springboot_home	1618732512982	1618732512996	OK	 
REQUEST		springboot_home	1618732512978	1618732512996	OK	 
REQUEST		springboot_home	1618732512986	1618732512996	OK	 
REQUEST		springboot_home	1618732512986	1618732513003	OK	 
REQUEST		springboot_home	1618732512986	1618732513003	OK	 
REQUEST		springboot_home	1618732512992	1618732513003	OK	 
REQUEST		springboot_home	1618732512998	1618732513008	OK	 
REQUEST		springboot_home	1618732512992	1618732513008	OK	 
REQUEST		springboot_home	1618732512992	1618732513008	OK	 
REQUEST		springboot_home	1618732512992	1618732513008	OK	 
REQUEST		springboot_home	1618732512998	1618732513015	OK	 
REQUEST		springboot_home	1618732513005	1618732513015	OK	 
REQUEST		springboot_home	1618732512998	1618732513015	OK	 
REQUEST		springboot_home	1618732513005	1618732513015	OK	 
REQUEST		springboot_home	1618732512998	1618732513015	OK	 
REQUEST		springboot_home	1618732513010	1618732513022	OK	 
REQUEST		springboot_home	1618732513010	1618732513022	OK	 
REQUEST		springboot_home	1618732513005	1618732513022	OK	 
REQUEST		springboot_home	1618732513010	1618732513022	OK	 
REQUEST		springboot_home	1618732513017	1618732513030	OK	 
REQUEST		springboot_home	1618732513010	1618732513030	OK	 
REQUEST		springboot_home	1618732513017	1618732513030	OK	 
REQUEST		springboot_home	1618732513017	1618732513034	OK	 
REQUEST		springboot_home	1618732513017	1618732513034	OK	 
REQUEST		springboot_home	1618732513017	1618732513034	OK	 
REQUEST		springboot_home	1618732513024	1618732513034	OK	 
REQUEST		springboot_home	1618732513024	1618732513042	OK	 
REQUEST		springboot_home	1618732513024	1618732513042	OK	 
REQUEST		springboot_home	1618732513031	1618732513042	OK	 
REQUEST		springboot_home	1618732513024	1618732513042	OK	 
REQUEST		springboot_home	1618732513031	1618732513042	OK	 
REQUEST		springboot_home	1618732513036	1618732513049	OK	 
REQUEST		springboot_home	1618732513036	1618732513049	OK	 
REQUEST		springboot_home	1618732513031	1618732513049	OK	 
REQUEST		springboot_home	1618732513036	1618732513049	OK	 
REQUEST		springboot_home	1618732513044	1618732513055	OK	 
REQUEST		springboot_home	1618732513036	1618732513054	OK	 
REQUEST		springboot_home	1618732513044	1618732513054	OK	 
REQUEST		springboot_home	1618732513051	1618732513062	OK	 
REQUEST		springboot_home	1618732513044	1618732513062	OK	 
REQUEST		springboot_home	1618732513044	1618732513062	OK	 
REQUEST		springboot_home	1618732513044	1618732513062	OK	 
REQUEST		springboot_home	1618732513051	1618732513062	OK	 
REQUEST		springboot_home	1618732513051	1618732513067	OK	 
REQUEST		springboot_home	1618732513056	1618732513067	OK	 
REQUEST		springboot_home	1618732513056	1618732513067	OK	 
REQUEST		springboot_home	1618732513051	1618732513067	OK	 
REQUEST		springboot_home	1618732513056	1618732513074	OK	 
REQUEST		springboot_home	1618732513064	1618732513074	OK	 
REQUEST		springboot_home	1618732513064	1618732513074	OK	 
REQUEST		springboot_home	1618732513063	1618732513084	OK	 
REQUEST		springboot_home	1618732513063	1618732513084	OK	 
REQUEST		springboot_home	1618732513064	1618732513084	OK	 
REQUEST		springboot_home	1618732513068	1618732513224	OK	 
REQUEST		springboot_home	1618732513068	1618732513224	OK	 
REQUEST		springboot_home	1618732513068	1618732513227	OK	 
REQUEST		springboot_home	1618732513068	1618732513228	OK	 
REQUEST		springboot_home	1618732513075	1618732513228	OK	 
REQUEST		springboot_home	1618732513232	1618732513308	OK	 
REQUEST		springboot_home	1618732513230	1618732513308	OK	 
REQUEST		springboot_home	1618732513232	1618732513307	OK	 
REQUEST		springboot_home	1618732513233	1618732513308	OK	 
REQUEST		springboot_home	1618732513234	1618732513307	OK	 
REQUEST		springboot_home	1618732513313	1618732513485	OK	 
REQUEST		springboot_home	1618732513085	1618732513485	OK	 
REQUEST		springboot_home	1618732513316	1618732513485	OK	 
REQUEST		springboot_home	1618732513075	1618732513485	OK	 
REQUEST		springboot_home	1618732513085	1618732513486	OK	 
REQUEST		springboot_home	1618732513085	1618732513485	OK	 
REQUEST		springboot_home	1618732513075	1618732513485	OK	 
REQUEST		springboot_home	1618732513313	1618732513503	OK	 
REQUEST		springboot_home	1618732513313	1618732513503	OK	 
REQUEST		springboot_home	1618732513314	1618732513503	OK	 
REQUEST		springboot_home	1618732513491	1618732513503	OK	 
REQUEST		springboot_home	1618732513508	1618732513803	OK	 
REQUEST		springboot_home	1618732513508	1618732513803	OK	 
REQUEST		springboot_home	1618732513491	1618732513803	OK	 
REQUEST		springboot_home	1618732513495	1618732513831	OK	 
REQUEST		springboot_home	1618732513807	1618732513849	OK	 
REQUEST		springboot_home	1618732513835	1618732513849	OK	 
REQUEST		springboot_home	1618732513808	1618732513849	OK	 
REQUEST		springboot_home	1618732513809	1618732513849	OK	 
REQUEST		springboot_home	1618732513853	1618732513870	OK	 
REQUEST		springboot_home	1618732513854	1618732513870	OK	 
REQUEST		springboot_home	1618732513853	1618732513870	OK	 
REQUEST		springboot_home	1618732513853	1618732513870	OK	 
REQUEST		springboot_home	1618732513872	1618732513883	OK	 
REQUEST		springboot_home	1618732513872	1618732513883	OK	 
REQUEST		springboot_home	1618732513508	1618732513883	OK	 
REQUEST		springboot_home	1618732513508	1618732513883	OK	 
REQUEST		springboot_home	1618732513872	1618732513895	OK	 
REQUEST		springboot_home	1618732513884	1618732513895	OK	 
REQUEST		springboot_home	1618732513884	1618732513895	OK	 
REQUEST		springboot_home	1618732513872	1618732513895	OK	 
REQUEST		springboot_home	1618732513884	1618732513897	OK	 
REQUEST		springboot_home	1618732513884	1618732513897	OK	 
REQUEST		springboot_home	1618732513896	1618732514035	OK	 
REQUEST		springboot_home	1618732513896	1618732514035	OK	 
REQUEST		springboot_home	1618732513896	1618732514035	OK	 
REQUEST		springboot_home	1618732513898	1618732514035	OK	 
REQUEST		springboot_home	1618732513896	1618732514106	OK	 
REQUEST		springboot_home	1618732513491	1618732514106	OK	 
REQUEST		springboot_home	1618732513898	1618732514106	OK	 
REQUEST		springboot_home	1618732514037	1618732514124	OK	 
REQUEST		springboot_home	1618732514037	1618732514124	OK	 
REQUEST		springboot_home	1618732514109	1618732514124	OK	 
REQUEST		springboot_home	1618732514037	1618732514124	OK	 
REQUEST		springboot_home	1618732514037	1618732514124	OK	 
REQUEST		springboot_home	1618732514109	1618732514138	OK	 
REQUEST		springboot_home	1618732514126	1618732514144	OK	 
REQUEST		springboot_home	1618732514109	1618732514144	OK	 
REQUEST		springboot_home	1618732513493	1618732514229	OK	 
REQUEST		springboot_home	1618732513491	1618732514229	OK	 
REQUEST		springboot_home	1618732514146	1618732514229	OK	 
REQUEST		springboot_home	1618732513491	1618732514256	OK	 
REQUEST		springboot_home	1618732514234	1618732514369	OK	 
REQUEST		springboot_home	1618732514234	1618732514369	OK	 
REQUEST		springboot_home	1618732514234	1618732514369	OK	 
REQUEST		springboot_home	1618732514258	1618732514369	OK	 
REQUEST		springboot_home	1618732514373	1618732514386	OK	 
REQUEST		springboot_home	1618732514373	1618732514386	OK	 
REQUEST		springboot_home	1618732514373	1618732514386	OK	 
REQUEST		springboot_home	1618732514373	1618732514386	OK	 
REQUEST		springboot_home	1618732514126	1618732515008	OK	 
REQUEST		springboot_home	1618732514126	1618732515008	OK	 
REQUEST		springboot_home	1618732514146	1618732515008	OK	 
REQUEST		springboot_home	1618732514390	1618732515008	OK	 
REQUEST		springboot_home	1618732514126	1618732515009	OK	 
REQUEST		springboot_home	1618732514126	1618732515660	OK	 
REQUEST		springboot_home	1618732514390	1618732515659	OK	 
REQUEST		springboot_home	1618732514390	1618732515660	OK	 
REQUEST		springboot_home	1618732514390	1618732515660	OK	 
REQUEST		springboot_home	1618732515012	1618732515659	OK	 
REQUEST		springboot_home	1618732515664	1618732515739	OK	 
REQUEST		springboot_home	1618732515664	1618732515739	OK	 
REQUEST		springboot_home	1618732515664	1618732515739	OK	 
REQUEST		springboot_home	1618732515012	1618732515739	OK	 
REQUEST		springboot_home	1618732515012	1618732515775	OK	 
REQUEST		springboot_home	1618732515744	1618732515786	OK	 
REQUEST		springboot_home	1618732515744	1618732515786	OK	 
REQUEST		springboot_home	1618732515744	1618732515786	OK	 
REQUEST		springboot_home	1618732515744	1618732515786	OK	 
REQUEST		springboot_home	1618732515787	1618732515799	OK	 
REQUEST		springboot_home	1618732515787	1618732515799	OK	 
REQUEST		springboot_home	1618732515777	1618732515799	OK	 
REQUEST		springboot_home	1618732515787	1618732515799	OK	 
REQUEST		springboot_home	1618732515800	1618732515811	OK	 
REQUEST		springboot_home	1618732515800	1618732515811	OK	 
REQUEST		springboot_home	1618732515800	1618732515811	OK	 
REQUEST		springboot_home	1618732515787	1618732515811	OK	 
REQUEST		springboot_home	1618732515800	1618732515823	OK	 
REQUEST		springboot_home	1618732515813	1618732515824	OK	 
REQUEST		springboot_home	1618732515813	1618732515824	OK	 
REQUEST		springboot_home	1618732515813	1618732515823	OK	 
REQUEST		springboot_home	1618732515825	1618732515838	OK	 
REQUEST		springboot_home	1618732515825	1618732515838	OK	 
REQUEST		springboot_home	1618732515813	1618732515838	OK	 
REQUEST		springboot_home	1618732515825	1618732515838	OK	 
REQUEST		springboot_home	1618732515825	1618732515842	OK	 
REQUEST		springboot_home	1618732515839	1618732516319	OK	 
REQUEST		springboot_home	1618732515839	1618732516319	OK	 
REQUEST		springboot_home	1618732515839	1618732516585	OK	 
REQUEST		springboot_home	1618732515012	1618732516585	OK	 
REQUEST		springboot_home	1618732516323	1618732516585	OK	 
REQUEST		springboot_home	1618732514140	1618732516585	OK	 
REQUEST		springboot_home	1618732515839	1618732516585	OK	 
REQUEST		springboot_home	1618732516323	1618732516585	OK	 
REQUEST		springboot_home	1618732515843	1618732516585	OK	 
REQUEST		springboot_home	1618732515012	1618732516627	OK	 
REQUEST		springboot_home	1618732516589	1618732516637	OK	 
REQUEST		springboot_home	1618732516591	1618732516637	OK	 
REQUEST		springboot_home	1618732516592	1618732516637	OK	 
REQUEST		springboot_home	1618732516589	1618732516637	OK	 
REQUEST		springboot_home	1618732516591	1618732516637	OK	 
REQUEST		springboot_home	1618732516589	1618732516637	OK	 
REQUEST		springboot_home	1618732516630	1618732516676	OK	 
REQUEST		springboot_home	1618732516640	1618732516676	OK	 
REQUEST		springboot_home	1618732516593	1618732516676	OK	 
REQUEST		springboot_home	1618732515665	1618732517264	OK	 
REQUEST		springboot_home	1618732516640	1618732517264	OK	 
REQUEST		springboot_home	1618732516640	1618732517265	OK	 
REQUEST		springboot_home	1618732516640	1618732517264	OK	 
REQUEST		springboot_home	1618732515664	1618732517264	OK	 
REQUEST		springboot_home	1618732516677	1618732517264	OK	 
REQUEST		springboot_home	1618732516640	1618732517264	OK	 
REQUEST		springboot_home	1618732516640	1618732517265	OK	 
REQUEST		springboot_home	1618732516677	1618732517264	OK	 
REQUEST		springboot_home	1618732517270	1618732517281	OK	 
REQUEST		springboot_home	1618732517268	1618732517282	OK	 
REQUEST		springboot_home	1618732517269	1618732517282	OK	 
REQUEST		springboot_home	1618732517268	1618732517281	OK	 
REQUEST		springboot_home	1618732517270	1618732517282	OK	 
REQUEST		springboot_home	1618732517269	1618732517282	OK	 
REQUEST		springboot_home	1618732517269	1618732517294	OK	 
REQUEST		springboot_home	1618732517269	1618732517294	OK	 
REQUEST		springboot_home	1618732517284	1618732517294	OK	 
REQUEST		springboot_home	1618732516677	1618732517294	OK	 
REQUEST		springboot_home	1618732517270	1618732517294	OK	 
REQUEST		springboot_home	1618732517284	1618732517305	OK	 
REQUEST		springboot_home	1618732517284	1618732517305	OK	 
REQUEST		springboot_home	1618732517285	1618732517306	OK	 
REQUEST		springboot_home	1618732517284	1618732517306	OK	 
REQUEST		springboot_home	1618732517296	1618732517306	OK	 
REQUEST		springboot_home	1618732517286	1618732517306	OK	 
REQUEST		springboot_home	1618732517296	1618732517306	OK	 
REQUEST		springboot_home	1618732517296	1618732517317	OK	 
REQUEST		springboot_home	1618732517296	1618732517317	OK	 
REQUEST		springboot_home	1618732517306	1618732517317	OK	 
REQUEST		springboot_home	1618732517306	1618732517317	OK	 
REQUEST		springboot_home	1618732517296	1618732517317	OK	 
REQUEST		springboot_home	1618732517307	1618732517317	OK	 
REQUEST		springboot_home	1618732517307	1618732517317	OK	 
REQUEST		springboot_home	1618732517307	1618732517317	OK	 
REQUEST		springboot_home	1618732517307	1618732517317	OK	 
REQUEST		springboot_home	1618732517307	1618732517330	OK	 
REQUEST		springboot_home	1618732517318	1618732517330	OK	 
REQUEST		springboot_home	1618732517318	1618732517330	OK	 
REQUEST		springboot_home	1618732517318	1618732517330	OK	 
REQUEST		springboot_home	1618732517318	1618732517330	OK	 
REQUEST		springboot_home	1618732517318	1618732517330	OK	 
REQUEST		springboot_home	1618732517318	1618732517330	OK	 
REQUEST		springboot_home	1618732517318	1618732517330	OK	 
REQUEST		springboot_home	1618732517318	1618732517341	OK	 
REQUEST		springboot_home	1618732517318	1618732517341	OK	 
REQUEST		springboot_home	1618732517331	1618732517342	OK	 
REQUEST		springboot_home	1618732517331	1618732517342	OK	 
REQUEST		springboot_home	1618732517331	1618732517342	OK	 
REQUEST		springboot_home	1618732517331	1618732517342	OK	 
REQUEST		springboot_home	1618732517331	1618732517342	OK	 
REQUEST		springboot_home	1618732517343	1618732517353	OK	 
REQUEST		springboot_home	1618732517331	1618732517353	OK	 
REQUEST		springboot_home	1618732517343	1618732517353	OK	 
REQUEST		springboot_home	1618732517331	1618732517353	OK	 
REQUEST		springboot_home	1618732517332	1618732517353	OK	 
REQUEST		springboot_home	1618732517343	1618732517354	OK	 
REQUEST		springboot_home	1618732517342	1618732517354	OK	 
REQUEST		springboot_home	1618732517343	1618732517354	OK	 
REQUEST		springboot_home	1618732517354	1618732517363	OK	 
REQUEST		springboot_home	1618732517343	1618732517363	OK	 
REQUEST		springboot_home	1618732517342	1618732517363	OK	 
REQUEST		springboot_home	1618732517354	1618732517365	OK	 
REQUEST		springboot_home	1618732517354	1618732517365	OK	 
REQUEST		springboot_home	1618732517354	1618732517365	OK	 
REQUEST		springboot_home	1618732517354	1618732517365	OK	 
REQUEST		springboot_home	1618732517354	1618732517365	OK	 
REQUEST		springboot_home	1618732517354	1618732517365	OK	 
REQUEST		springboot_home	1618732517364	1618732517375	OK	 
REQUEST		springboot_home	1618732517354	1618732517375	OK	 
REQUEST		springboot_home	1618732517364	1618732517375	OK	 
REQUEST		springboot_home	1618732517365	1618732517376	OK	 
REQUEST		springboot_home	1618732517365	1618732517376	OK	 
REQUEST		springboot_home	1618732517365	1618732517376	OK	 
REQUEST		springboot_home	1618732517366	1618732517376	OK	 
REQUEST		springboot_home	1618732517364	1618732517376	OK	 
REQUEST		springboot_home	1618732517365	1618732517386	OK	 
REQUEST		springboot_home	1618732517366	1618732517386	OK	 
REQUEST		springboot_home	1618732517376	1618732517387	OK	 
REQUEST		springboot_home	1618732517376	1618732517387	OK	 
REQUEST		springboot_home	1618732517376	1618732517387	OK	 
REQUEST		springboot_home	1618732517376	1618732517387	OK	 
REQUEST		springboot_home	1618732517376	1618732517387	OK	 
REQUEST		springboot_home	1618732517376	1618732517387	OK	 
REQUEST		springboot_home	1618732517387	1618732517399	OK	 
REQUEST		springboot_home	1618732517376	1618732517399	OK	 
REQUEST		springboot_home	1618732517377	1618732517399	OK	 
REQUEST		springboot_home	1618732517387	1618732517399	OK	 
REQUEST		springboot_home	1618732517388	1618732517400	OK	 
REQUEST		springboot_home	1618732517388	1618732517400	OK	 
REQUEST		springboot_home	1618732517388	1618732517400	OK	 
REQUEST		springboot_home	1618732517388	1618732517400	OK	 
REQUEST		springboot_home	1618732517388	1618732517410	OK	 
REQUEST		springboot_home	1618732517388	1618732517410	OK	 
REQUEST		springboot_home	1618732517401	1618732517411	OK	 
REQUEST		springboot_home	1618732517401	1618732517411	OK	 
REQUEST		springboot_home	1618732517399	1618732517411	OK	 
REQUEST		springboot_home	1618732517399	1618732517411	OK	 
REQUEST		springboot_home	1618732517399	1618732517411	OK	 
REQUEST		springboot_home	1618732517411	1618732517424	OK	 
REQUEST		springboot_home	1618732517411	1618732517424	OK	 
REQUEST		springboot_home	1618732517399	1618732517423	OK	 
REQUEST		springboot_home	1618732517410	1618732517423	OK	 
REQUEST		springboot_home	1618732517410	1618732517424	OK	 
REQUEST		springboot_home	1618732517411	1618732517424	OK	 
REQUEST		springboot_home	1618732517401	1618732517423	OK	 
REQUEST		springboot_home	1618732517401	1618732517423	OK	 
REQUEST		springboot_home	1618732517411	1618732517424	OK	 
REQUEST		springboot_home	1618732517425	1618732517436	OK	 
REQUEST		springboot_home	1618732517425	1618732517436	OK	 
REQUEST		springboot_home	1618732517425	1618732517436	OK	 
REQUEST		springboot_home	1618732517425	1618732517436	OK	 
REQUEST		springboot_home	1618732517425	1618732517437	OK	 
REQUEST		springboot_home	1618732517425	1618732517436	OK	 
REQUEST		springboot_home	1618732517425	1618732517437	OK	 
REQUEST		springboot_home	1618732517411	1618732517436	OK	 
REQUEST		springboot_home	1618732517425	1618732517447	OK	 
REQUEST		springboot_home	1618732517425	1618732517447	OK	 
REQUEST		springboot_home	1618732517437	1618732517449	OK	 
REQUEST		springboot_home	1618732517438	1618732517449	OK	 
REQUEST		springboot_home	1618732517437	1618732517449	OK	 
REQUEST		springboot_home	1618732517437	1618732517449	OK	 
REQUEST		springboot_home	1618732517437	1618732517449	OK	 
REQUEST		springboot_home	1618732517437	1618732517449	OK	 
REQUEST		springboot_home	1618732517438	1618732517458	OK	 
REQUEST		springboot_home	1618732517438	1618732517458	OK	 
REQUEST		springboot_home	1618732517449	1618732517460	OK	 
REQUEST		springboot_home	1618732517449	1618732517460	OK	 
REQUEST		springboot_home	1618732517448	1618732517460	OK	 
REQUEST		springboot_home	1618732517449	1618732517460	OK	 
REQUEST		springboot_home	1618732517449	1618732517460	OK	 
REQUEST		springboot_home	1618732517449	1618732517460	OK	 
REQUEST		springboot_home	1618732517448	1618732517471	OK	 
REQUEST		springboot_home	1618732517461	1618732517471	OK	 
REQUEST		springboot_home	1618732517459	1618732517471	OK	 
REQUEST		springboot_home	1618732517459	1618732517471	OK	 
REQUEST		springboot_home	1618732517461	1618732517471	OK	 
REQUEST		springboot_home	1618732517449	1618732517471	OK	 
REQUEST		springboot_home	1618732517461	1618732517471	OK	 
REQUEST		springboot_home	1618732517461	1618732517485	OK	 
REQUEST		springboot_home	1618732517461	1618732517485	OK	 
REQUEST		springboot_home	1618732517472	1618732517485	OK	 
REQUEST		springboot_home	1618732517461	1618732517485	OK	 
REQUEST		springboot_home	1618732517472	1618732517486	OK	 
REQUEST		springboot_home	1618732517472	1618732517485	OK	 
REQUEST		springboot_home	1618732517473	1618732517486	OK	 
REQUEST		springboot_home	1618732517472	1618732517486	OK	 
REQUEST		springboot_home	1618732517472	1618732517487	OK	 
REQUEST		springboot_home	1618732517472	1618732517496	OK	 
REQUEST		springboot_home	1618732517486	1618732517496	OK	 
REQUEST		springboot_home	1618732517486	1618732517497	OK	 
REQUEST		springboot_home	1618732517486	1618732517497	OK	 
REQUEST		springboot_home	1618732517486	1618732517497	OK	 
REQUEST		springboot_home	1618732517487	1618732517497	OK	 
REQUEST		springboot_home	1618732517486	1618732517498	OK	 
REQUEST		springboot_home	1618732517486	1618732517507	OK	 
REQUEST		springboot_home	1618732517487	1618732517507	OK	 
REQUEST		springboot_home	1618732517487	1618732517507	OK	 
REQUEST		springboot_home	1618732517497	1618732517507	OK	 
REQUEST		springboot_home	1618732517498	1618732517508	OK	 
REQUEST		springboot_home	1618732517498	1618732517508	OK	 
REQUEST		springboot_home	1618732517498	1618732517508	OK	 
REQUEST		springboot_home	1618732517498	1618732517509	OK	 
REQUEST		springboot_home	1618732517497	1618732517509	OK	 
REQUEST		springboot_home	1618732517498	1618732517519	OK	 
REQUEST		springboot_home	1618732517508	1618732517519	OK	 
REQUEST		springboot_home	1618732517508	1618732517519	OK	 
REQUEST		springboot_home	1618732517508	1618732517519	OK	 
REQUEST		springboot_home	1618732517509	1618732517522	OK	 
REQUEST		springboot_home	1618732517508	1618732517522	OK	 
REQUEST		springboot_home	1618732517509	1618732517522	OK	 
REQUEST		springboot_home	1618732517509	1618732517522	OK	 
REQUEST		springboot_home	1618732517520	1618732517532	OK	 
REQUEST		springboot_home	1618732517520	1618732517532	OK	 
REQUEST		springboot_home	1618732517520	1618732517532	OK	 
REQUEST		springboot_home	1618732517509	1618732517534	OK	 
REQUEST		springboot_home	1618732517523	1618732517534	OK	 
REQUEST		springboot_home	1618732517523	1618732517534	OK	 
REQUEST		springboot_home	1618732517520	1618732517534	OK	 
REQUEST		springboot_home	1618732517523	1618732517534	OK	 
REQUEST		springboot_home	1618732517523	1618732517543	OK	 
REQUEST		springboot_home	1618732517509	1618732517543	OK	 
REQUEST		springboot_home	1618732517533	1618732517543	OK	 
REQUEST		springboot_home	1618732517534	1618732517544	OK	 
REQUEST		springboot_home	1618732517534	1618732517544	OK	 
REQUEST		springboot_home	1618732517533	1618732517544	OK	 
REQUEST		springboot_home	1618732517533	1618732517544	OK	 
REQUEST		springboot_home	1618732517534	1618732517554	OK	 
REQUEST		springboot_home	1618732517534	1618732517554	OK	 
REQUEST		springboot_home	1618732517544	1618732517554	OK	 
REQUEST		springboot_home	1618732517534	1618732517554	OK	 
REQUEST		springboot_home	1618732517545	1618732517555	OK	 
REQUEST		springboot_home	1618732517545	1618732517555	OK	 
REQUEST		springboot_home	1618732517544	1618732517555	OK	 
REQUEST		springboot_home	1618732517545	1618732517555	OK	 
REQUEST		springboot_home	1618732517545	1618732517555	OK	 
REQUEST		springboot_home	1618732517544	1618732517565	OK	 
REQUEST		springboot_home	1618732517555	1618732517565	OK	 
REQUEST		springboot_home	1618732517555	1618732517565	OK	 
REQUEST		springboot_home	1618732517555	1618732517565	OK	 
REQUEST		springboot_home	1618732517556	1618732517566	OK	 
REQUEST		springboot_home	1618732517555	1618732517566	OK	 
REQUEST		springboot_home	1618732517556	1618732517566	OK	 
REQUEST		springboot_home	1618732517556	1618732517575	OK	 
REQUEST		springboot_home	1618732517556	1618732517575	OK	 
REQUEST		springboot_home	1618732517556	1618732517575	OK	 
REQUEST		springboot_home	1618732517566	1618732517578	OK	 
REQUEST		springboot_home	1618732517566	1618732517578	OK	 
REQUEST		springboot_home	1618732517566	1618732517578	OK	 
REQUEST		springboot_home	1618732517567	1618732517578	OK	 
REQUEST		springboot_home	1618732517567	1618732517578	OK	 
REQUEST		springboot_home	1618732517566	1618732517578	OK	 
REQUEST		springboot_home	1618732517567	1618732517588	OK	 
REQUEST		springboot_home	1618732517576	1618732517589	OK	 
REQUEST		springboot_home	1618732517579	1618732517589	OK	 
REQUEST		springboot_home	1618732517576	1618732517589	OK	 
REQUEST		springboot_home	1618732517579	1618732517589	OK	 
REQUEST		springboot_home	1618732517579	1618732517589	OK	 
REQUEST		springboot_home	1618732517579	1618732517589	OK	 
REQUEST		springboot_home	1618732517576	1618732517589	OK	 
REQUEST		springboot_home	1618732517579	1618732517599	OK	 
REQUEST		springboot_home	1618732517579	1618732517599	OK	 
REQUEST		springboot_home	1618732517589	1618732517600	OK	 
REQUEST		springboot_home	1618732517590	1618732517600	OK	 
REQUEST		springboot_home	1618732517590	1618732517600	OK	 
REQUEST		springboot_home	1618732517590	1618732517600	OK	 
REQUEST		springboot_home	1618732517590	1618732517600	OK	 
REQUEST		springboot_home	1618732517590	1618732517600	OK	 
REQUEST		springboot_home	1618732517590	1618732517600	OK	 
REQUEST		springboot_home	1618732517590	1618732517601	OK	 
REQUEST		springboot_home	1618732517600	1618732517610	OK	 
REQUEST		springboot_home	1618732517601	1618732517612	OK	 
REQUEST		springboot_home	1618732517601	1618732517611	OK	 
REQUEST		springboot_home	1618732517601	1618732517612	OK	 
REQUEST		springboot_home	1618732517601	1618732517611	OK	 
REQUEST		springboot_home	1618732517600	1618732517612	OK	 
REQUEST		springboot_home	1618732517601	1618732517611	OK	 
REQUEST		springboot_home	1618732517602	1618732517614	OK	 
REQUEST		springboot_home	1618732517601	1618732517615	OK	 
REQUEST		springboot_home	1618732517601	1618732517616	OK	 
REQUEST		springboot_home	1618732517611	1618732517621	OK	 
REQUEST		springboot_home	1618732517612	1618732517625	OK	 
REQUEST		springboot_home	1618732517614	1618732517625	OK	 
REQUEST		springboot_home	1618732517613	1618732517625	OK	 
REQUEST		springboot_home	1618732517612	1618732517625	OK	 
REQUEST		springboot_home	1618732517614	1618732517625	OK	 
REQUEST		springboot_home	1618732517617	1618732517628	OK	 
REQUEST		springboot_home	1618732517616	1618732517628	OK	 
REQUEST		springboot_home	1618732517613	1618732517628	OK	 
REQUEST		springboot_home	1618732517615	1618732517628	OK	 
REQUEST		springboot_home	1618732517622	1618732517632	OK	 
REQUEST		springboot_home	1618732517626	1618732517638	OK	 
REQUEST		springboot_home	1618732517626	1618732517638	OK	 
REQUEST		springboot_home	1618732517627	1618732517638	OK	 
REQUEST		springboot_home	1618732517626	1618732517638	OK	 
REQUEST		springboot_home	1618732517626	1618732517638	OK	 
REQUEST		springboot_home	1618732517629	1618732517641	OK	 
REQUEST		springboot_home	1618732517629	1618732517641	OK	 
REQUEST		springboot_home	1618732517629	1618732517641	OK	 
REQUEST		springboot_home	1618732517629	1618732517642	OK	 
REQUEST		springboot_home	1618732517633	1618732517643	OK	 
REQUEST		springboot_home	1618732517639	1618732517650	OK	 
REQUEST		springboot_home	1618732517639	1618732517650	OK	 
REQUEST		springboot_home	1618732517639	1618732517650	OK	 
REQUEST		springboot_home	1618732517639	1618732517650	OK	 
REQUEST		springboot_home	1618732517639	1618732517652	OK	 
REQUEST		springboot_home	1618732517642	1618732517652	OK	 
REQUEST		springboot_home	1618732517642	1618732517653	OK	 
REQUEST		springboot_home	1618732517642	1618732517653	OK	 
REQUEST		springboot_home	1618732517644	1618732517654	OK	 
REQUEST		springboot_home	1618732517642	1618732517654	OK	 
REQUEST		springboot_home	1618732517652	1618732517661	OK	 
REQUEST		springboot_home	1618732517651	1618732517661	OK	 
REQUEST		springboot_home	1618732517652	1618732517662	OK	 
REQUEST		springboot_home	1618732517652	1618732517662	OK	 
REQUEST		springboot_home	1618732517653	1618732517663	OK	 
REQUEST		springboot_home	1618732517653	1618732517663	OK	 
REQUEST		springboot_home	1618732517654	1618732517664	OK	 
REQUEST		springboot_home	1618732517656	1618732517666	OK	 
REQUEST		springboot_home	1618732517654	1618732517667	OK	 
REQUEST		springboot_home	1618732517656	1618732517668	OK	 
REQUEST		springboot_home	1618732517662	1618732517672	OK	 
REQUEST		springboot_home	1618732517662	1618732517672	OK	 
REQUEST		springboot_home	1618732517662	1618732517673	OK	 
REQUEST		springboot_home	1618732517663	1618732517673	OK	 
REQUEST		springboot_home	1618732517665	1618732517676	OK	 
REQUEST		springboot_home	1618732517664	1618732517676	OK	 
REQUEST		springboot_home	1618732517664	1618732517676	OK	 
REQUEST		springboot_home	1618732517667	1618732517677	OK	 
REQUEST		springboot_home	1618732517668	1618732517681	OK	 
REQUEST		springboot_home	1618732517672	1618732517682	OK	 
REQUEST		springboot_home	1618732517672	1618732517682	OK	 
REQUEST		springboot_home	1618732517667	1618732517735	OK	 
REQUEST		springboot_home	1618732517673	1618732517735	OK	 
REQUEST		springboot_home	1618732517677	1618732517735	OK	 
REQUEST		springboot_home	1618732517673	1618732517735	OK	 
REQUEST		springboot_home	1618732517677	1618732517735	OK	 
REQUEST		springboot_home	1618732517682	1618732517736	OK	 
REQUEST		springboot_home	1618732517683	1618732517736	OK	 
REQUEST		springboot_home	1618732517683	1618732517736	OK	 
REQUEST		springboot_home	1618732517677	1618732517736	OK	 
REQUEST		springboot_home	1618732517677	1618732517737	OK	 
REQUEST		springboot_home	1618732517736	1618732517746	OK	 
REQUEST		springboot_home	1618732517736	1618732517746	OK	 
REQUEST		springboot_home	1618732517737	1618732517747	OK	 
REQUEST		springboot_home	1618732517736	1618732517747	OK	 
REQUEST		springboot_home	1618732517736	1618732517747	OK	 
REQUEST		springboot_home	1618732517736	1618732517747	OK	 
REQUEST		springboot_home	1618732517737	1618732517747	OK	 
REQUEST		springboot_home	1618732517736	1618732517747	OK	 
REQUEST		springboot_home	1618732517737	1618732517748	OK	 
REQUEST		springboot_home	1618732517737	1618732517748	OK	 
REQUEST		springboot_home	1618732517748	1618732517760	OK	 
REQUEST		springboot_home	1618732517747	1618732517760	OK	 
REQUEST		springboot_home	1618732517747	1618732517759	OK	 
REQUEST		springboot_home	1618732517748	1618732517760	OK	 
REQUEST		springboot_home	1618732517748	1618732517760	OK	 
REQUEST		springboot_home	1618732517747	1618732517759	OK	 
REQUEST		springboot_home	1618732517747	1618732517760	OK	 
REQUEST		springboot_home	1618732517748	1618732517761	OK	 
REQUEST		springboot_home	1618732517748	1618732517761	OK	 
REQUEST		springboot_home	1618732517748	1618732517761	OK	 
REQUEST		springboot_home	1618732517761	1618732517771	OK	 
REQUEST		springboot_home	1618732517760	1618732517771	OK	 
REQUEST		springboot_home	1618732517761	1618732517771	OK	 
REQUEST		springboot_home	1618732517760	1618732517771	OK	 
REQUEST		springboot_home	1618732517761	1618732517771	OK	 
REQUEST		springboot_home	1618732517760	1618732517772	OK	 
REQUEST		springboot_home	1618732517760	1618732517772	OK	 
REQUEST		springboot_home	1618732517762	1618732517772	OK	 
REQUEST		springboot_home	1618732517762	1618732517773	OK	 
REQUEST		springboot_home	1618732517762	1618732517773	OK	 
REQUEST		springboot_home	1618732517772	1618732517783	OK	 
REQUEST		springboot_home	1618732517772	1618732517783	OK	 
REQUEST		springboot_home	1618732517772	1618732517783	OK	 
REQUEST		springboot_home	1618732517772	1618732517783	OK	 
REQUEST		springboot_home	1618732517772	1618732517783	OK	 
REQUEST		springboot_home	1618732517772	1618732517784	OK	 
REQUEST		springboot_home	1618732517772	1618732517784	OK	 
REQUEST		springboot_home	1618732517773	1618732517784	OK	 
REQUEST		springboot_home	1618732517773	1618732517784	OK	 
REQUEST		springboot_home	1618732517773	1618732517784	OK	 
REQUEST		springboot_home	1618732517785	1618732517796	OK	 
REQUEST		springboot_home	1618732517785	1618732517796	OK	 
REQUEST		springboot_home	1618732517784	1618732517796	OK	 
REQUEST		springboot_home	1618732517784	1618732517796	OK	 
REQUEST		springboot_home	1618732517784	1618732517796	OK	 
REQUEST		springboot_home	1618732517785	1618732517796	OK	 
REQUEST		springboot_home	1618732517785	1618732517796	OK	 
REQUEST		springboot_home	1618732517784	1618732517796	OK	 
REQUEST		springboot_home	1618732517784	1618732517796	OK	 
REQUEST		springboot_home	1618732517784	1618732517796	OK	 
REQUEST		springboot_home	1618732517797	1618732517866	OK	 
REQUEST		springboot_home	1618732517797	1618732517868	OK	 
REQUEST		springboot_home	1618732517797	1618732517868	OK	 
REQUEST		springboot_home	1618732517797	1618732517868	OK	 
REQUEST		springboot_home	1618732517797	1618732517868	OK	 
REQUEST		springboot_home	1618732517797	1618732517868	OK	 
REQUEST		springboot_home	1618732517798	1618732517869	OK	 
REQUEST		springboot_home	1618732517798	1618732517868	OK	 
REQUEST		springboot_home	1618732517797	1618732517868	OK	 
REQUEST		springboot_home	1618732517797	1618732517868	OK	 
REQUEST		springboot_home	1618732517870	1618732517881	OK	 
REQUEST		springboot_home	1618732517869	1618732517881	OK	 
REQUEST		springboot_home	1618732517870	1618732517881	OK	 
REQUEST		springboot_home	1618732517869	1618732517882	OK	 
REQUEST		springboot_home	1618732517870	1618732517883	OK	 
REQUEST		springboot_home	1618732517870	1618732517885	OK	 
REQUEST		springboot_home	1618732517872	1618732517885	OK	 
REQUEST		springboot_home	1618732517873	1618732517886	OK	 
REQUEST		springboot_home	1618732517870	1618732517886	OK	 
REQUEST		springboot_home	1618732517874	1618732517886	OK	 
REQUEST		springboot_home	1618732517887	1618732517945	OK	 
REQUEST		springboot_home	1618732517885	1618732517945	OK	 
REQUEST		springboot_home	1618732517887	1618732517945	OK	 
REQUEST		springboot_home	1618732517884	1618732517945	OK	 
REQUEST		springboot_home	1618732517884	1618732517945	OK	 
REQUEST		springboot_home	1618732517887	1618732517945	OK	 
REQUEST		springboot_home	1618732517884	1618732517945	OK	 
REQUEST		springboot_home	1618732517885	1618732517945	OK	 
REQUEST		springboot_home	1618732517887	1618732517951	OK	 
REQUEST		springboot_home	1618732517887	1618732517951	OK	 
REQUEST		springboot_home	1618732517947	1618732517959	OK	 
REQUEST		springboot_home	1618732517947	1618732517959	OK	 
REQUEST		springboot_home	1618732517947	1618732517959	OK	 
REQUEST		springboot_home	1618732517947	1618732517959	OK	 
REQUEST		springboot_home	1618732517947	1618732517959	OK	 
REQUEST		springboot_home	1618732517948	1618732517960	OK	 
REQUEST		springboot_home	1618732517947	1618732517960	OK	 
REQUEST		springboot_home	1618732517952	1618732517963	OK	 
REQUEST		springboot_home	1618732517952	1618732517964	OK	 
REQUEST		springboot_home	1618732517947	1618732517964	OK	 
REQUEST		springboot_home	1618732517960	1618732517971	OK	 
REQUEST		springboot_home	1618732517960	1618732517971	OK	 
REQUEST		springboot_home	1618732517960	1618732517972	OK	 
REQUEST		springboot_home	1618732517961	1618732517973	OK	 
REQUEST		springboot_home	1618732517961	1618732517973	OK	 
REQUEST		springboot_home	1618732517961	1618732517975	OK	 
REQUEST		springboot_home	1618732517964	1618732517976	OK	 
REQUEST		springboot_home	1618732517966	1618732517978	OK	 
REQUEST		springboot_home	1618732517966	1618732517979	OK	 
REQUEST		springboot_home	1618732517962	1618732517979	OK	 
REQUEST		springboot_home	1618732517973	1618732517983	OK	 
REQUEST		springboot_home	1618732517973	1618732517984	OK	 
REQUEST		springboot_home	1618732517976	1618732517988	OK	 
REQUEST		springboot_home	1618732517973	1618732517988	OK	 
REQUEST		springboot_home	1618732517975	1618732517988	OK	 
REQUEST		springboot_home	1618732517977	1618732517988	OK	 
REQUEST		springboot_home	1618732517978	1618732517989	OK	 
REQUEST		springboot_home	1618732517980	1618732517991	OK	 
REQUEST		springboot_home	1618732517979	1618732517993	OK	 
REQUEST		springboot_home	1618732517980	1618732517993	OK	 
REQUEST		springboot_home	1618732517984	1618732517997	OK	 
REQUEST		springboot_home	1618732517985	1618732517998	OK	 
REQUEST		springboot_home	1618732517989	1618732517998	OK	 
REQUEST		springboot_home	1618732517989	1618732517999	OK	 
REQUEST		springboot_home	1618732517989	1618732518000	OK	 
REQUEST		springboot_home	1618732517989	1618732517999	OK	 
REQUEST		springboot_home	1618732517990	1618732518001	OK	 
REQUEST		springboot_home	1618732517994	1618732518006	OK	 
REQUEST		springboot_home	1618732517992	1618732518006	OK	 
REQUEST		springboot_home	1618732517994	1618732518006	OK	 
REQUEST		springboot_home	1618732517998	1618732518008	OK	 
REQUEST		springboot_home	1618732517999	1618732518010	OK	 
REQUEST		springboot_home	1618732518000	1618732518011	OK	 
REQUEST		springboot_home	1618732518000	1618732518012	OK	 
REQUEST		springboot_home	1618732518000	1618732518012	OK	 
REQUEST		springboot_home	1618732517999	1618732518012	OK	 
REQUEST		springboot_home	1618732518002	1618732518014	OK	 
REQUEST		springboot_home	1618732518007	1618732518017	OK	 
REQUEST		springboot_home	1618732518007	1618732518018	OK	 
REQUEST		springboot_home	1618732518009	1618732518019	OK	 
REQUEST		springboot_home	1618732518008	1618732518019	OK	 
REQUEST		springboot_home	1618732518011	1618732518021	OK	 
REQUEST		springboot_home	1618732518012	1618732518022	OK	 
REQUEST		springboot_home	1618732518013	1618732518023	OK	 
REQUEST		springboot_home	1618732518013	1618732518023	OK	 
REQUEST		springboot_home	1618732518012	1618732518023	OK	 
REQUEST		springboot_home	1618732518015	1618732518026	OK	 
REQUEST		springboot_home	1618732518017	1618732518031	OK	 
REQUEST		springboot_home	1618732518018	1618732518032	OK	 
REQUEST		springboot_home	1618732518020	1618732518032	OK	 
REQUEST		springboot_home	1618732518021	1618732518032	OK	 
REQUEST		springboot_home	1618732518019	1618732518032	OK	 
REQUEST		springboot_home	1618732518024	1618732518035	OK	 
REQUEST		springboot_home	1618732518024	1618732518035	OK	 
REQUEST		springboot_home	1618732518024	1618732518035	OK	 
REQUEST		springboot_home	1618732518022	1618732518035	OK	 
REQUEST		springboot_home	1618732518026	1618732518038	OK	 
REQUEST		springboot_home	1618732518032	1618732518043	OK	 
REQUEST		springboot_home	1618732518033	1618732518043	OK	 
REQUEST		springboot_home	1618732518033	1618732518043	OK	 
REQUEST		springboot_home	1618732518033	1618732518044	OK	 
REQUEST		springboot_home	1618732518033	1618732518044	OK	 
REQUEST		springboot_home	1618732518035	1618732518046	OK	 
REQUEST		springboot_home	1618732518035	1618732518046	OK	 
REQUEST		springboot_home	1618732518035	1618732518046	OK	 
REQUEST		springboot_home	1618732518035	1618732518046	OK	 
REQUEST		springboot_home	1618732518038	1618732518050	OK	 
REQUEST		springboot_home	1618732518044	1618732518054	OK	 
REQUEST		springboot_home	1618732518044	1618732518054	OK	 
REQUEST		springboot_home	1618732518045	1618732518055	OK	 
REQUEST		springboot_home	1618732518045	1618732518055	OK	 
REQUEST		springboot_home	1618732518047	1618732518056	OK	 
REQUEST		springboot_home	1618732518047	1618732518057	OK	 
REQUEST		springboot_home	1618732518047	1618732518057	OK	 
REQUEST		springboot_home	1618732518047	1618732518057	OK	 
REQUEST		springboot_home	1618732518044	1618732518058	OK	 
REQUEST		springboot_home	1618732518050	1618732518061	OK	 
REQUEST		springboot_home	1618732518055	1618732518065	OK	 
REQUEST		springboot_home	1618732518054	1618732518065	OK	 
REQUEST		springboot_home	1618732518057	1618732518066	OK	 
REQUEST		springboot_home	1618732518056	1618732518066	OK	 
REQUEST		springboot_home	1618732518056	1618732518066	OK	 
REQUEST		springboot_home	1618732518057	1618732518067	OK	 
REQUEST		springboot_home	1618732518057	1618732518067	OK	 
REQUEST		springboot_home	1618732518058	1618732518069	OK	 
REQUEST		springboot_home	1618732518057	1618732518069	OK	 
REQUEST		springboot_home	1618732518062	1618732518072	OK	 
REQUEST		springboot_home	1618732518065	1618732518076	OK	 
REQUEST		springboot_home	1618732518065	1618732518076	OK	 
REQUEST		springboot_home	1618732518068	1618732518080	OK	 
REQUEST		springboot_home	1618732518068	1618732518080	OK	 
REQUEST		springboot_home	1618732518066	1618732518080	OK	 
REQUEST		springboot_home	1618732518070	1618732518080	OK	 
REQUEST		springboot_home	1618732518066	1618732518080	OK	 
REQUEST		springboot_home	1618732518067	1618732518081	OK	 
REQUEST		springboot_home	1618732518070	1618732518081	OK	 
REQUEST		springboot_home	1618732518073	1618732518084	OK	 
REQUEST		springboot_home	1618732518076	1618732518086	OK	 
REQUEST		springboot_home	1618732518076	1618732518086	OK	 
REQUEST		springboot_home	1618732518080	1618732518090	OK	 
REQUEST		springboot_home	1618732518080	1618732518090	OK	 
REQUEST		springboot_home	1618732518080	1618732518091	OK	 
REQUEST		springboot_home	1618732518080	1618732518091	OK	 
REQUEST		springboot_home	1618732518080	1618732518091	OK	 
REQUEST		springboot_home	1618732518081	1618732518092	OK	 
REQUEST		springboot_home	1618732518081	1618732518093	OK	 
REQUEST		springboot_home	1618732518084	1618732518095	OK	 
REQUEST		springboot_home	1618732518086	1618732518096	OK	 
REQUEST		springboot_home	1618732518086	1618732518100	OK	 
REQUEST		springboot_home	1618732518091	1618732518101	OK	 
REQUEST		springboot_home	1618732518091	1618732518101	OK	 
REQUEST		springboot_home	1618732518091	1618732518101	OK	 
REQUEST		springboot_home	1618732518091	1618732518101	OK	 
REQUEST		springboot_home	1618732518091	1618732518103	OK	 
REQUEST		springboot_home	1618732518092	1618732518103	OK	 
REQUEST		springboot_home	1618732518093	1618732518104	OK	 
REQUEST		springboot_home	1618732518095	1618732518109	OK	 
REQUEST		springboot_home	1618732518096	1618732518109	OK	 
REQUEST		springboot_home	1618732518100	1618732518109	OK	 
REQUEST		springboot_home	1618732518101	1618732518110	OK	 
REQUEST		springboot_home	1618732518101	1618732518111	OK	 
REQUEST		springboot_home	1618732518101	1618732518111	OK	 
REQUEST		springboot_home	1618732518102	1618732518112	OK	 
REQUEST		springboot_home	1618732518109	1618732518120	OK	 
REQUEST		springboot_home	1618732518104	1618732518121	OK	 
REQUEST		springboot_home	1618732518110	1618732518121	OK	 
REQUEST		springboot_home	1618732518104	1618732518121	OK	 
REQUEST		springboot_home	1618732518110	1618732518121	OK	 
REQUEST		springboot_home	1618732518109	1618732518121	OK	 
REQUEST		springboot_home	1618732518105	1618732518121	OK	 
REQUEST		springboot_home	1618732518112	1618732518121	OK	 
REQUEST		springboot_home	1618732518112	1618732518121	OK	 
REQUEST		springboot_home	1618732518112	1618732518122	OK	 
REQUEST		springboot_home	1618732518121	1618732518130	OK	 
REQUEST		springboot_home	1618732518121	1618732518130	OK	 
REQUEST		springboot_home	1618732518121	1618732518131	OK	 
REQUEST		springboot_home	1618732518122	1618732518131	OK	 
REQUEST		springboot_home	1618732518122	1618732518131	OK	 
REQUEST		springboot_home	1618732518121	1618732518131	OK	 
REQUEST		springboot_home	1618732518121	1618732518131	OK	 
REQUEST		springboot_home	1618732518122	1618732518132	OK	 
REQUEST		springboot_home	1618732518121	1618732518132	OK	 
REQUEST		springboot_home	1618732518121	1618732518132	OK	 
REQUEST		springboot_home	1618732518131	1618732518141	OK	 
REQUEST		springboot_home	1618732518131	1618732518141	OK	 
REQUEST		springboot_home	1618732518131	1618732518141	OK	 
REQUEST		springboot_home	1618732518131	1618732518141	OK	 
REQUEST		springboot_home	1618732518131	1618732518141	OK	 
REQUEST		springboot_home	1618732518132	1618732518142	OK	 
REQUEST		springboot_home	1618732518132	1618732518142	OK	 
REQUEST		springboot_home	1618732518132	1618732518142	OK	 
REQUEST		springboot_home	1618732518132	1618732518143	OK	 
REQUEST		springboot_home	1618732518132	1618732518144	OK	 
REQUEST		springboot_home	1618732518143	1618732518153	OK	 
REQUEST		springboot_home	1618732518143	1618732518153	OK	 
REQUEST		springboot_home	1618732518143	1618732518153	OK	 
REQUEST		springboot_home	1618732518141	1618732518153	OK	 
REQUEST		springboot_home	1618732518141	1618732518153	OK	 
REQUEST		springboot_home	1618732518141	1618732518153	OK	 
REQUEST		springboot_home	1618732518141	1618732518153	OK	 
REQUEST		springboot_home	1618732518141	1618732518153	OK	 
REQUEST		springboot_home	1618732518144	1618732518154	OK	 
REQUEST		springboot_home	1618732518145	1618732518158	OK	 
REQUEST		springboot_home	1618732518153	1618732518164	OK	 
REQUEST		springboot_home	1618732518153	1618732518164	OK	 
REQUEST		springboot_home	1618732518153	1618732518164	OK	 
REQUEST		springboot_home	1618732518153	1618732518164	OK	 
REQUEST		springboot_home	1618732518153	1618732518164	OK	 
REQUEST		springboot_home	1618732518154	1618732518164	OK	 
REQUEST		springboot_home	1618732518154	1618732518165	OK	 
REQUEST		springboot_home	1618732518154	1618732518166	OK	 
REQUEST		springboot_home	1618732518153	1618732518168	OK	 
REQUEST		springboot_home	1618732518158	1618732518169	OK	 
REQUEST		springboot_home	1618732518165	1618732518174	OK	 
REQUEST		springboot_home	1618732518164	1618732518174	OK	 
REQUEST		springboot_home	1618732518164	1618732518174	OK	 
REQUEST		springboot_home	1618732518164	1618732518175	OK	 
REQUEST		springboot_home	1618732518165	1618732518175	OK	 
REQUEST		springboot_home	1618732518165	1618732518175	OK	 
REQUEST		springboot_home	1618732518165	1618732518175	OK	 
REQUEST		springboot_home	1618732518166	1618732518177	OK	 
REQUEST		springboot_home	1618732518169	1618732518179	OK	 
REQUEST		springboot_home	1618732518170	1618732518182	OK	 
REQUEST		springboot_home	1618732518175	1618732518185	OK	 
REQUEST		springboot_home	1618732518175	1618732518185	OK	 
REQUEST		springboot_home	1618732518175	1618732518185	OK	 
REQUEST		springboot_home	1618732518175	1618732518186	OK	 
REQUEST		springboot_home	1618732518175	1618732518186	OK	 
REQUEST		springboot_home	1618732518176	1618732518187	OK	 
REQUEST		springboot_home	1618732518176	1618732518187	OK	 
REQUEST		springboot_home	1618732518178	1618732518189	OK	 
REQUEST		springboot_home	1618732518179	1618732518189	OK	 
REQUEST		springboot_home	1618732518182	1618732518195	OK	 
REQUEST		springboot_home	1618732518185	1618732518195	OK	 
REQUEST		springboot_home	1618732518185	1618732518195	OK	 
REQUEST		springboot_home	1618732518186	1618732518197	OK	 
REQUEST		springboot_home	1618732518187	1618732518198	OK	 
REQUEST		springboot_home	1618732518186	1618732518198	OK	 
REQUEST		springboot_home	1618732518187	1618732518198	OK	 
REQUEST		springboot_home	1618732518185	1618732518202	OK	 
REQUEST		springboot_home	1618732518189	1618732518202	OK	 
REQUEST		springboot_home	1618732518189	1618732518203	OK	 
REQUEST		springboot_home	1618732518196	1618732518207	OK	 
REQUEST		springboot_home	1618732518196	1618732518207	OK	 
REQUEST		springboot_home	1618732518196	1618732518207	OK	 
REQUEST		springboot_home	1618732518198	1618732518212	OK	 
REQUEST		springboot_home	1618732518198	1618732518212	OK	 
REQUEST		springboot_home	1618732518198	1618732518212	OK	 
REQUEST		springboot_home	1618732518198	1618732518212	OK	 
REQUEST		springboot_home	1618732518202	1618732518212	OK	 
REQUEST		springboot_home	1618732518203	1618732518213	OK	 
REQUEST		springboot_home	1618732518203	1618732518215	OK	 
REQUEST		springboot_home	1618732518207	1618732518219	OK	 
REQUEST		springboot_home	1618732518207	1618732518219	OK	 
REQUEST		springboot_home	1618732518208	1618732518221	OK	 
REQUEST		springboot_home	1618732518212	1618732518222	OK	 
REQUEST		springboot_home	1618732518212	1618732518223	OK	 
REQUEST		springboot_home	1618732518212	1618732518223	OK	 
REQUEST		springboot_home	1618732518213	1618732518223	OK	 
REQUEST		springboot_home	1618732518212	1618732518223	OK	 
REQUEST		springboot_home	1618732518212	1618732518225	OK	 
REQUEST		springboot_home	1618732518215	1618732518226	OK	 
REQUEST		springboot_home	1618732518220	1618732518229	OK	 
REQUEST		springboot_home	1618732518219	1618732518229	OK	 
REQUEST		springboot_home	1618732518222	1618732518232	OK	 
REQUEST		springboot_home	1618732518223	1618732518233	OK	 
REQUEST		springboot_home	1618732518223	1618732518233	OK	 
REQUEST		springboot_home	1618732518223	1618732518237	OK	 
REQUEST		springboot_home	1618732518226	1618732518237	OK	 
REQUEST		springboot_home	1618732518224	1618732518237	OK	 
REQUEST		springboot_home	1618732518221	1618732518237	OK	 
REQUEST		springboot_home	1618732518227	1618732518238	OK	 
REQUEST		springboot_home	1618732518229	1618732518239	OK	 
REQUEST		springboot_home	1618732518229	1618732518239	OK	 
REQUEST		springboot_home	1618732518233	1618732518247	OK	 
REQUEST		springboot_home	1618732518232	1618732518247	OK	 
REQUEST		springboot_home	1618732518233	1618732518247	OK	 
REQUEST		springboot_home	1618732518237	1618732518248	OK	 
REQUEST		springboot_home	1618732518237	1618732518248	OK	 
REQUEST		springboot_home	1618732518237	1618732518248	OK	 
REQUEST		springboot_home	1618732518237	1618732518248	OK	 
REQUEST		springboot_home	1618732518238	1618732518250	OK	 
REQUEST		springboot_home	1618732518240	1618732518251	OK	 
REQUEST		springboot_home	1618732518240	1618732518251	OK	 
REQUEST		springboot_home	1618732518247	1618732518260	OK	 
REQUEST		springboot_home	1618732518247	1618732518260	OK	 
REQUEST		springboot_home	1618732518247	1618732518260	OK	 
REQUEST		springboot_home	1618732518248	1618732518260	OK	 
REQUEST		springboot_home	1618732518248	1618732518260	OK	 
REQUEST		springboot_home	1618732518251	1618732518260	OK	 
REQUEST		springboot_home	1618732518248	1618732518261	OK	 
REQUEST		springboot_home	1618732518248	1618732518261	OK	 
REQUEST		springboot_home	1618732518252	1618732518261	OK	 
REQUEST		springboot_home	1618732518251	1618732518262	OK	 
REQUEST		springboot_home	1618732518261	1618732518270	OK	 
REQUEST		springboot_home	1618732518261	1618732518270	OK	 
REQUEST		springboot_home	1618732518261	1618732518270	OK	 
REQUEST		springboot_home	1618732518261	1618732518270	OK	 
REQUEST		springboot_home	1618732518261	1618732518271	OK	 
REQUEST		springboot_home	1618732518261	1618732518271	OK	 
REQUEST		springboot_home	1618732518261	1618732518273	OK	 
REQUEST		springboot_home	1618732518261	1618732518273	OK	 
REQUEST		springboot_home	1618732518261	1618732518273	OK	 
REQUEST		springboot_home	1618732518262	1618732518273	OK	 
REQUEST		springboot_home	1618732518271	1618732518281	OK	 
REQUEST		springboot_home	1618732518271	1618732518281	OK	 
REQUEST		springboot_home	1618732518271	1618732518281	OK	 
REQUEST		springboot_home	1618732518271	1618732518281	OK	 
REQUEST		springboot_home	1618732518272	1618732518281	OK	 
REQUEST		springboot_home	1618732518272	1618732518282	OK	 
REQUEST		springboot_home	1618732518274	1618732518284	OK	 
REQUEST		springboot_home	1618732518273	1618732518284	OK	 
REQUEST		springboot_home	1618732518274	1618732518284	OK	 
REQUEST		springboot_home	1618732518274	1618732518285	OK	 
REQUEST		springboot_home	1618732518281	1618732518292	OK	 
REQUEST		springboot_home	1618732518281	1618732518292	OK	 
REQUEST		springboot_home	1618732518281	1618732518292	OK	 
REQUEST		springboot_home	1618732518281	1618732518292	OK	 
REQUEST		springboot_home	1618732518282	1618732518292	OK	 
REQUEST		springboot_home	1618732518282	1618732518292	OK	 
REQUEST		springboot_home	1618732518285	1618732518296	OK	 
REQUEST		springboot_home	1618732518285	1618732518296	OK	 
REQUEST		springboot_home	1618732518285	1618732518296	OK	 
REQUEST		springboot_home	1618732518286	1618732518297	OK	 
REQUEST		springboot_home	1618732518292	1618732518304	OK	 
REQUEST		springboot_home	1618732518292	1618732518304	OK	 
REQUEST		springboot_home	1618732518292	1618732518304	OK	 
REQUEST		springboot_home	1618732518292	1618732518304	OK	 
REQUEST		springboot_home	1618732518292	1618732518304	OK	 
REQUEST		springboot_home	1618732518293	1618732518305	OK	 
REQUEST		springboot_home	1618732518296	1618732518307	OK	 
REQUEST		springboot_home	1618732518296	1618732518307	OK	 
REQUEST		springboot_home	1618732518296	1618732518307	OK	 
REQUEST		springboot_home	1618732518297	1618732518308	OK	 
REQUEST		springboot_home	1618732518304	1618732518314	OK	 
REQUEST		springboot_home	1618732518304	1618732518314	OK	 
REQUEST		springboot_home	1618732518304	1618732518314	OK	 
REQUEST		springboot_home	1618732518304	1618732518314	OK	 
REQUEST		springboot_home	1618732518305	1618732518315	OK	 
REQUEST		springboot_home	1618732518305	1618732518317	OK	 
REQUEST		springboot_home	1618732518308	1618732518318	OK	 
REQUEST		springboot_home	1618732518308	1618732518318	OK	 
REQUEST		springboot_home	1618732518308	1618732518319	OK	 
REQUEST		springboot_home	1618732518308	1618732518319	OK	 
REQUEST		springboot_home	1618732518314	1618732518324	OK	 
REQUEST		springboot_home	1618732518315	1618732518324	OK	 
REQUEST		springboot_home	1618732518315	1618732518324	OK	 
REQUEST		springboot_home	1618732518315	1618732518324	OK	 
REQUEST		springboot_home	1618732518316	1618732518325	OK	 
REQUEST		springboot_home	1618732518319	1618732518330	OK	 
REQUEST		springboot_home	1618732518318	1618732518330	OK	 
REQUEST		springboot_home	1618732518319	1618732518330	OK	 
REQUEST		springboot_home	1618732518319	1618732518331	OK	 
REQUEST		springboot_home	1618732518319	1618732518331	OK	 
REQUEST		springboot_home	1618732518325	1618732518335	OK	 
REQUEST		springboot_home	1618732518325	1618732518335	OK	 
REQUEST		springboot_home	1618732518325	1618732518335	OK	 
REQUEST		springboot_home	1618732518325	1618732518335	OK	 
REQUEST		springboot_home	1618732518326	1618732518336	OK	 
REQUEST		springboot_home	1618732518331	1618732518342	OK	 
REQUEST		springboot_home	1618732518331	1618732518342	OK	 
REQUEST		springboot_home	1618732518331	1618732518342	OK	 
REQUEST		springboot_home	1618732518331	1618732518345	OK	 
REQUEST		springboot_home	1618732518331	1618732518345	OK	 
REQUEST		springboot_home	1618732518336	1618732518346	OK	 
REQUEST		springboot_home	1618732518336	1618732518346	OK	 
REQUEST		springboot_home	1618732518336	1618732518346	OK	 
REQUEST		springboot_home	1618732518336	1618732518346	OK	 
REQUEST		springboot_home	1618732518336	1618732518346	OK	 
REQUEST		springboot_home	1618732518343	1618732518355	OK	 
REQUEST		springboot_home	1618732518343	1618732518355	OK	 
REQUEST		springboot_home	1618732518345	1618732518357	OK	 
REQUEST		springboot_home	1618732518345	1618732518357	OK	 
REQUEST		springboot_home	1618732518347	1618732518357	OK	 
REQUEST		springboot_home	1618732518347	1618732518357	OK	 
REQUEST		springboot_home	1618732518347	1618732518357	OK	 
REQUEST		springboot_home	1618732518347	1618732518357	OK	 
REQUEST		springboot_home	1618732518347	1618732518357	OK	 
REQUEST		springboot_home	1618732518343	1618732518365	OK	 
REQUEST		springboot_home	1618732518356	1618732518367	OK	 
REQUEST		springboot_home	1618732518357	1618732518367	OK	 
REQUEST		springboot_home	1618732518357	1618732518367	OK	 
REQUEST		springboot_home	1618732518356	1618732518367	OK	 
REQUEST		springboot_home	1618732518357	1618732518367	OK	 
REQUEST		springboot_home	1618732518357	1618732518367	OK	 
REQUEST		springboot_home	1618732518357	1618732518368	OK	 
REQUEST		springboot_home	1618732518357	1618732518368	OK	 
REQUEST		springboot_home	1618732518357	1618732518368	OK	 
REQUEST		springboot_home	1618732518368	1618732518378	OK	 
REQUEST		springboot_home	1618732518368	1618732518379	OK	 
REQUEST		springboot_home	1618732518368	1618732518379	OK	 
REQUEST		springboot_home	1618732518368	1618732518379	OK	 
REQUEST		springboot_home	1618732518368	1618732518379	OK	 
REQUEST		springboot_home	1618732518368	1618732518379	OK	 
REQUEST		springboot_home	1618732518368	1618732518379	OK	 
REQUEST		springboot_home	1618732518369	1618732518380	OK	 
REQUEST		springboot_home	1618732518369	1618732518380	OK	 
REQUEST		springboot_home	1618732518365	1618732518387	OK	 
REQUEST		springboot_home	1618732518379	1618732518390	OK	 
REQUEST		springboot_home	1618732518379	1618732518390	OK	 
REQUEST		springboot_home	1618732518378	1618732518390	OK	 
REQUEST		springboot_home	1618732518379	1618732518390	OK	 
REQUEST		springboot_home	1618732518379	1618732518391	OK	 
REQUEST		springboot_home	1618732518379	1618732518392	OK	 
REQUEST		springboot_home	1618732518379	1618732518392	OK	 
REQUEST		springboot_home	1618732518380	1618732518392	OK	 
REQUEST		springboot_home	1618732518380	1618732518392	OK	 
REQUEST		springboot_home	1618732518387	1618732518399	OK	 
REQUEST		springboot_home	1618732518390	1618732518401	OK	 
REQUEST		springboot_home	1618732518391	1618732518401	OK	 
REQUEST		springboot_home	1618732518390	1618732518401	OK	 
REQUEST		springboot_home	1618732518390	1618732518401	OK	 
REQUEST		springboot_home	1618732518391	1618732518401	OK	 
REQUEST		springboot_home	1618732518393	1618732518406	OK	 
REQUEST		springboot_home	1618732518392	1618732518406	OK	 
REQUEST		springboot_home	1618732518392	1618732518406	OK	 
REQUEST		springboot_home	1618732518393	1618732518406	OK	 
REQUEST		springboot_home	1618732518401	1618732518411	OK	 
REQUEST		springboot_home	1618732518402	1618732518416	OK	 
REQUEST		springboot_home	1618732518399	1618732518416	OK	 
REQUEST		springboot_home	1618732518402	1618732518416	OK	 
REQUEST		springboot_home	1618732518402	1618732518416	OK	 
REQUEST		springboot_home	1618732518402	1618732518416	OK	 
REQUEST		springboot_home	1618732518407	1618732518417	OK	 
REQUEST		springboot_home	1618732518407	1618732518417	OK	 
REQUEST		springboot_home	1618732518407	1618732518419	OK	 
REQUEST		springboot_home	1618732518407	1618732518419	OK	 
REQUEST		springboot_home	1618732518416	1618732518433	OK	 
REQUEST		springboot_home	1618732518416	1618732518433	OK	 
REQUEST		springboot_home	1618732518411	1618732518433	OK	 
REQUEST		springboot_home	1618732518416	1618732518433	OK	 
REQUEST		springboot_home	1618732518416	1618732518433	OK	 
REQUEST		springboot_home	1618732518417	1618732518434	OK	 
REQUEST		springboot_home	1618732518417	1618732518434	OK	 
REQUEST		springboot_home	1618732518419	1618732518434	OK	 
REQUEST		springboot_home	1618732518416	1618732518434	OK	 
REQUEST		springboot_home	1618732518419	1618732518435	OK	 
REQUEST		springboot_home	1618732518434	1618732518444	OK	 
REQUEST		springboot_home	1618732518434	1618732518444	OK	 
REQUEST		springboot_home	1618732518434	1618732518444	OK	 
REQUEST		springboot_home	1618732518434	1618732518444	OK	 
REQUEST		springboot_home	1618732518434	1618732518444	OK	 
REQUEST		springboot_home	1618732518435	1618732518447	OK	 
REQUEST		springboot_home	1618732518436	1618732518447	OK	 
REQUEST		springboot_home	1618732518434	1618732518447	OK	 
REQUEST		springboot_home	1618732518434	1618732518447	OK	 
REQUEST		springboot_home	1618732518435	1618732518447	OK	 
REQUEST		springboot_home	1618732518444	1618732518457	OK	 
REQUEST		springboot_home	1618732518444	1618732518457	OK	 
REQUEST		springboot_home	1618732518444	1618732518457	OK	 
REQUEST		springboot_home	1618732518444	1618732518457	OK	 
REQUEST		springboot_home	1618732518444	1618732518457	OK	 
REQUEST		springboot_home	1618732518448	1618732518458	OK	 
REQUEST		springboot_home	1618732518448	1618732518458	OK	 
REQUEST		springboot_home	1618732518448	1618732518459	OK	 
REQUEST		springboot_home	1618732518448	1618732518459	OK	 
REQUEST		springboot_home	1618732518448	1618732518459	OK	 
REQUEST		springboot_home	1618732518457	1618732518470	OK	 
REQUEST		springboot_home	1618732518459	1618732518470	OK	 
REQUEST		springboot_home	1618732518457	1618732518470	OK	 
REQUEST		springboot_home	1618732518457	1618732518470	OK	 
REQUEST		springboot_home	1618732518457	1618732518470	OK	 
REQUEST		springboot_home	1618732518458	1618732518470	OK	 
REQUEST		springboot_home	1618732518457	1618732518470	OK	 
REQUEST		springboot_home	1618732518459	1618732518471	OK	 
REQUEST		springboot_home	1618732518459	1618732518472	OK	 
REQUEST		springboot_home	1618732518459	1618732518472	OK	 
REQUEST		springboot_home	1618732518471	1618732518480	OK	 
REQUEST		springboot_home	1618732518471	1618732518481	OK	 
REQUEST		springboot_home	1618732518471	1618732518481	OK	 
REQUEST		springboot_home	1618732518471	1618732518481	OK	 
REQUEST		springboot_home	1618732518471	1618732518481	OK	 
REQUEST		springboot_home	1618732518471	1618732518481	OK	 
REQUEST		springboot_home	1618732518471	1618732518481	OK	 
REQUEST		springboot_home	1618732518471	1618732518482	OK	 
REQUEST		springboot_home	1618732518472	1618732518484	OK	 
REQUEST		springboot_home	1618732518472	1618732518484	OK	 
REQUEST		springboot_home	1618732518480	1618732518491	OK	 
REQUEST		springboot_home	1618732518482	1618732518492	OK	 
REQUEST		springboot_home	1618732518482	1618732518492	OK	 
REQUEST		springboot_home	1618732518482	1618732518492	OK	 
REQUEST		springboot_home	1618732518482	1618732518492	OK	 
REQUEST		springboot_home	1618732518482	1618732518492	OK	 
REQUEST		springboot_home	1618732518482	1618732518492	OK	 
REQUEST		springboot_home	1618732518483	1618732518493	OK	 
REQUEST		springboot_home	1618732518484	1618732518495	OK	 
REQUEST		springboot_home	1618732518484	1618732518496	OK	 
REQUEST		springboot_home	1618732518491	1618732518502	OK	 
REQUEST		springboot_home	1618732518493	1618732518504	OK	 
REQUEST		springboot_home	1618732518493	1618732518504	OK	 
REQUEST		springboot_home	1618732518493	1618732518504	OK	 
REQUEST		springboot_home	1618732518493	1618732518505	OK	 
REQUEST		springboot_home	1618732518493	1618732518505	OK	 
REQUEST		springboot_home	1618732518493	1618732518505	OK	 
REQUEST		springboot_home	1618732518494	1618732518508	OK	 
REQUEST		springboot_home	1618732518495	1618732518508	OK	 
REQUEST		springboot_home	1618732518497	1618732518511	OK	 
REQUEST		springboot_home	1618732518502	1618732518512	OK	 
REQUEST		springboot_home	1618732518505	1618732518518	OK	 
REQUEST		springboot_home	1618732518505	1618732518518	OK	 
REQUEST		springboot_home	1618732518505	1618732518518	OK	 
REQUEST		springboot_home	1618732518505	1618732518518	OK	 
REQUEST		springboot_home	1618732518505	1618732518518	OK	 
REQUEST		springboot_home	1618732518505	1618732518518	OK	 
REQUEST		springboot_home	1618732518509	1618732518520	OK	 
REQUEST		springboot_home	1618732518509	1618732518520	OK	 
REQUEST		springboot_home	1618732518512	1618732518522	OK	 
REQUEST		springboot_home	1618732518511	1618732518523	OK	 
REQUEST		springboot_home	1618732518518	1618732518529	OK	 
REQUEST		springboot_home	1618732518518	1618732518529	OK	 
REQUEST		springboot_home	1618732518518	1618732518529	OK	 
REQUEST		springboot_home	1618732518518	1618732518529	OK	 
REQUEST		springboot_home	1618732518518	1618732518529	OK	 
REQUEST		springboot_home	1618732518518	1618732518530	OK	 
REQUEST		springboot_home	1618732518521	1618732518531	OK	 
REQUEST		springboot_home	1618732518521	1618732518532	OK	 
REQUEST		springboot_home	1618732518523	1618732518534	OK	 
REQUEST		springboot_home	1618732518523	1618732518536	OK	 
REQUEST		springboot_home	1618732518529	1618732518538	OK	 
REQUEST		springboot_home	1618732518529	1618732518539	OK	 
REQUEST		springboot_home	1618732518529	1618732518539	OK	 
REQUEST		springboot_home	1618732518530	1618732518539	OK	 
REQUEST		springboot_home	1618732518529	1618732518541	OK	 
REQUEST		springboot_home	1618732518529	1618732518542	OK	 
REQUEST		springboot_home	1618732518531	1618732518543	OK	 
REQUEST		springboot_home	1618732518532	1618732518543	OK	 
REQUEST		springboot_home	1618732518535	1618732518546	OK	 
REQUEST		springboot_home	1618732518536	1618732518550	OK	 
REQUEST		springboot_home	1618732518539	1618732518551	OK	 
REQUEST		springboot_home	1618732518540	1618732518552	OK	 
REQUEST		springboot_home	1618732518541	1618732518552	OK	 
REQUEST		springboot_home	1618732518540	1618732518552	OK	 
REQUEST		springboot_home	1618732518540	1618732518552	OK	 
REQUEST		springboot_home	1618732518543	1618732518558	OK	 
REQUEST		springboot_home	1618732518543	1618732518558	OK	 
REQUEST		springboot_home	1618732518546	1618732518558	OK	 
REQUEST		springboot_home	1618732518543	1618732518558	OK	 
REQUEST		springboot_home	1618732518552	1618732518561	OK	 
REQUEST		springboot_home	1618732518550	1618732518561	OK	 
REQUEST		springboot_home	1618732518553	1618732518568	OK	 
REQUEST		springboot_home	1618732518553	1618732518568	OK	 
REQUEST		springboot_home	1618732518553	1618732518568	OK	 
REQUEST		springboot_home	1618732518559	1618732518568	OK	 
REQUEST		springboot_home	1618732518553	1618732518569	OK	 
REQUEST		springboot_home	1618732518559	1618732518570	OK	 
REQUEST		springboot_home	1618732518559	1618732518570	OK	 
REQUEST		springboot_home	1618732518559	1618732518570	OK	 
REQUEST		springboot_home	1618732518562	1618732518571	OK	 
REQUEST		springboot_home	1618732518562	1618732518573	OK	 
REQUEST		springboot_home	1618732518568	1618732518578	OK	 
REQUEST		springboot_home	1618732518568	1618732518578	OK	 
REQUEST		springboot_home	1618732518568	1618732518578	OK	 
REQUEST		springboot_home	1618732518568	1618732518578	OK	 
REQUEST		springboot_home	1618732518569	1618732518580	OK	 
REQUEST		springboot_home	1618732518570	1618732518581	OK	 
REQUEST		springboot_home	1618732518570	1618732518581	OK	 
REQUEST		springboot_home	1618732518570	1618732518581	OK	 
REQUEST		springboot_home	1618732518571	1618732518581	OK	 
REQUEST		springboot_home	1618732518573	1618732518585	OK	 
REQUEST		springboot_home	1618732518579	1618732518589	OK	 
REQUEST		springboot_home	1618732518579	1618732518589	OK	 
REQUEST		springboot_home	1618732518579	1618732518589	OK	 
REQUEST		springboot_home	1618732518579	1618732518589	OK	 
REQUEST		springboot_home	1618732518580	1618732518590	OK	 
REQUEST		springboot_home	1618732518582	1618732518591	OK	 
REQUEST		springboot_home	1618732518581	1618732518592	OK	 
REQUEST		springboot_home	1618732518581	1618732518592	OK	 
REQUEST		springboot_home	1618732518582	1618732518593	OK	 
REQUEST		springboot_home	1618732518585	1618732518597	OK	 
REQUEST		springboot_home	1618732518589	1618732518600	OK	 
REQUEST		springboot_home	1618732518589	1618732518600	OK	 
REQUEST		springboot_home	1618732518589	1618732518600	OK	 
REQUEST		springboot_home	1618732518589	1618732518600	OK	 
REQUEST		springboot_home	1618732518591	1618732518604	OK	 
REQUEST		springboot_home	1618732518592	1618732518604	OK	 
REQUEST		springboot_home	1618732518591	1618732518604	OK	 
REQUEST		springboot_home	1618732518592	1618732518604	OK	 
REQUEST		springboot_home	1618732518593	1618732518609	OK	 
REQUEST		springboot_home	1618732518597	1618732518741	OK	 
REQUEST		springboot_home	1618732518600	1618732518741	OK	 
REQUEST		springboot_home	1618732518600	1618732518741	OK	 
REQUEST		springboot_home	1618732518600	1618732518741	OK	 
REQUEST		springboot_home	1618732518600	1618732518741	OK	 
REQUEST		springboot_home	1618732518604	1618732518741	OK	 
REQUEST		springboot_home	1618732518604	1618732518741	OK	 
REQUEST		springboot_home	1618732518604	1618732518742	OK	 
REQUEST		springboot_home	1618732518610	1618732518750	OK	 
REQUEST		springboot_home	1618732518604	1618732518750	OK	 
REQUEST		springboot_home	1618732518742	1618732518752	OK	 
REQUEST		springboot_home	1618732518741	1618732518752	OK	 
REQUEST		springboot_home	1618732518741	1618732518752	OK	 
REQUEST		springboot_home	1618732518741	1618732518752	OK	 
REQUEST		springboot_home	1618732518742	1618732518752	OK	 
REQUEST		springboot_home	1618732518742	1618732518761	OK	 
REQUEST		springboot_home	1618732518742	1618732518761	OK	 
REQUEST		springboot_home	1618732518741	1618732518761	OK	 
REQUEST		springboot_home	1618732518752	1618732518763	OK	 
REQUEST		springboot_home	1618732518752	1618732518763	OK	 
REQUEST		springboot_home	1618732518752	1618732518763	OK	 
REQUEST		springboot_home	1618732518751	1618732518763	OK	 
REQUEST		springboot_home	1618732518752	1618732518763	OK	 
REQUEST		springboot_home	1618732518751	1618732518763	OK	 
REQUEST		springboot_home	1618732518753	1618732518775	OK	 
REQUEST		springboot_home	1618732518762	1618732518775	OK	 
REQUEST		springboot_home	1618732518762	1618732518776	OK	 
REQUEST		springboot_home	1618732518763	1618732518776	OK	 
REQUEST		springboot_home	1618732518763	1618732518777	OK	 
REQUEST		springboot_home	1618732518763	1618732518777	OK	 
REQUEST		springboot_home	1618732518762	1618732518777	OK	 
REQUEST		springboot_home	1618732518763	1618732518777	OK	 
REQUEST		springboot_home	1618732518763	1618732518785	OK	 
REQUEST		springboot_home	1618732518763	1618732518785	OK	 
REQUEST		springboot_home	1618732518776	1618732518786	OK	 
REQUEST		springboot_home	1618732518777	1618732518787	OK	 
REQUEST		springboot_home	1618732518778	1618732518787	OK	 
REQUEST		springboot_home	1618732518777	1618732518787	OK	 
REQUEST		springboot_home	1618732518776	1618732518787	OK	 
REQUEST		springboot_home	1618732518776	1618732518787	OK	 
REQUEST		springboot_home	1618732518777	1618732518796	OK	 
REQUEST		springboot_home	1618732518777	1618732518796	OK	 
REQUEST		springboot_home	1618732518786	1618732518797	OK	 
REQUEST		springboot_home	1618732518786	1618732518799	OK	 
REQUEST		springboot_home	1618732518787	1618732518799	OK	 
REQUEST		springboot_home	1618732518786	1618732518799	OK	 
REQUEST		springboot_home	1618732518787	1618732518799	OK	 
REQUEST		springboot_home	1618732518787	1618732518799	OK	 
REQUEST		springboot_home	1618732518787	1618732518811	OK	 
REQUEST		springboot_home	1618732518797	1618732518811	OK	 
REQUEST		springboot_home	1618732518787	1618732518811	OK	 
REQUEST		springboot_home	1618732518797	1618732518811	OK	 
REQUEST		springboot_home	1618732518799	1618732518811	OK	 
REQUEST		springboot_home	1618732518797	1618732518811	OK	 
REQUEST		springboot_home	1618732518799	1618732518811	OK	 
REQUEST		springboot_home	1618732518799	1618732518811	OK	 
REQUEST		springboot_home	1618732518799	1618732518831	OK	 
REQUEST		springboot_home	1618732518799	1618732518947	OK	 
REQUEST		springboot_home	1618732518811	1618732518947	OK	 
REQUEST		springboot_home	1618732518811	1618732518948	OK	 
REQUEST		springboot_home	1618732518811	1618732518948	OK	 
REQUEST		springboot_home	1618732518811	1618732518948	OK	 
REQUEST		springboot_home	1618732518811	1618732518948	OK	 
REQUEST		springboot_home	1618732518811	1618732518949	OK	 
REQUEST		springboot_home	1618732518812	1618732518959	OK	 
REQUEST		springboot_home	1618732518811	1618732518959	OK	 
REQUEST		springboot_home	1618732518948	1618732518959	OK	 
REQUEST		springboot_home	1618732518831	1618732518959	OK	 
REQUEST		springboot_home	1618732518949	1618732518961	OK	 
REQUEST		springboot_home	1618732518949	1618732518961	OK	 
REQUEST		springboot_home	1618732518949	1618732518961	OK	 
REQUEST		springboot_home	1618732518948	1618732518961	OK	 
REQUEST		springboot_home	1618732518948	1618732518961	OK	 
REQUEST		springboot_home	1618732518949	1618732518970	OK	 
REQUEST		springboot_home	1618732518960	1618732518970	OK	 
REQUEST		springboot_home	1618732518961	1618732518971	OK	 
REQUEST		springboot_home	1618732518961	1618732518971	OK	 
REQUEST		springboot_home	1618732518961	1618732518971	OK	 
REQUEST		springboot_home	1618732518960	1618732518971	OK	 
REQUEST		springboot_home	1618732518961	1618732518971	OK	 
REQUEST		springboot_home	1618732518960	1618732518982	OK	 
REQUEST		springboot_home	1618732518971	1618732518982	OK	 
REQUEST		springboot_home	1618732518971	1618732518982	OK	 
REQUEST		springboot_home	1618732518972	1618732518982	OK	 
REQUEST		springboot_home	1618732518961	1618732518982	OK	 
REQUEST		springboot_home	1618732518972	1618732518983	OK	 
REQUEST		springboot_home	1618732518972	1618732518983	OK	 
REQUEST		springboot_home	1618732518972	1618732518983	OK	 
REQUEST		springboot_home	1618732518972	1618732518983	OK	 
REQUEST		springboot_home	1618732518960	1618732518992	OK	 
REQUEST		springboot_home	1618732518983	1618732518992	OK	 
REQUEST		springboot_home	1618732518983	1618732518993	OK	 
REQUEST		springboot_home	1618732518983	1618732518993	OK	 
REQUEST		springboot_home	1618732518983	1618732518993	OK	 
REQUEST		springboot_home	1618732518983	1618732518993	OK	 
REQUEST		springboot_home	1618732518983	1618732518993	OK	 
REQUEST		springboot_home	1618732518983	1618732519004	OK	 
REQUEST		springboot_home	1618732518983	1618732519004	OK	 
REQUEST		springboot_home	1618732518983	1618732519004	OK	 
REQUEST		springboot_home	1618732518993	1618732519004	OK	 
REQUEST		springboot_home	1618732518994	1618732519007	OK	 
REQUEST		springboot_home	1618732518994	1618732519007	OK	 
REQUEST		springboot_home	1618732518994	1618732519007	OK	 
REQUEST		springboot_home	1618732518994	1618732519007	OK	 
REQUEST		springboot_home	1618732518994	1618732519007	OK	 
REQUEST		springboot_home	1618732519005	1618732519016	OK	 
REQUEST		springboot_home	1618732519005	1618732519016	OK	 
REQUEST		springboot_home	1618732519005	1618732519016	OK	 
REQUEST		springboot_home	1618732519005	1618732519016	OK	 
REQUEST		springboot_home	1618732519007	1618732519017	OK	 
REQUEST		springboot_home	1618732518993	1618732519017	OK	 
REQUEST		springboot_home	1618732519007	1618732519017	OK	 
REQUEST		springboot_home	1618732519007	1618732519026	OK	 
REQUEST		springboot_home	1618732519016	1618732519026	OK	 
REQUEST		springboot_home	1618732519007	1618732519026	OK	 
REQUEST		springboot_home	1618732519007	1618732519026	OK	 
REQUEST		springboot_home	1618732519016	1618732519031	OK	 
REQUEST		springboot_home	1618732519016	1618732519031	OK	 
REQUEST		springboot_home	1618732519017	1618732519031	OK	 
REQUEST		springboot_home	1618732519016	1618732519031	OK	 
REQUEST		springboot_home	1618732519027	1618732519041	OK	 
REQUEST		springboot_home	1618732519017	1618732519041	OK	 
REQUEST		springboot_home	1618732519017	1618732519041	OK	 
REQUEST		springboot_home	1618732519027	1618732519041	OK	 
REQUEST		springboot_home	1618732519031	1618732519043	OK	 
REQUEST		springboot_home	1618732519027	1618732519043	OK	 
REQUEST		springboot_home	1618732519031	1618732519043	OK	 
REQUEST		springboot_home	1618732519031	1618732519043	OK	 
REQUEST		springboot_home	1618732519031	1618732519043	OK	 
REQUEST		springboot_home	1618732519041	1618732519051	OK	 
REQUEST		springboot_home	1618732519041	1618732519051	OK	 
REQUEST		springboot_home	1618732519027	1618732519051	OK	 
REQUEST		springboot_home	1618732519041	1618732519051	OK	 
REQUEST		springboot_home	1618732519041	1618732519054	OK	 
REQUEST		springboot_home	1618732519043	1618732519055	OK	 
REQUEST		springboot_home	1618732519043	1618732519056	OK	 
REQUEST		springboot_home	1618732519052	1618732519061	OK	 
REQUEST		springboot_home	1618732519043	1618732519061	OK	 
REQUEST		springboot_home	1618732519043	1618732519061	OK	 
REQUEST		springboot_home	1618732519043	1618732519061	OK	 
REQUEST		springboot_home	1618732519052	1618732519068	OK	 
REQUEST		springboot_home	1618732519052	1618732519068	OK	 
REQUEST		springboot_home	1618732519052	1618732519068	OK	 
REQUEST		springboot_home	1618732519055	1618732519068	OK	 
REQUEST		springboot_home	1618732519056	1618732519068	OK	 
REQUEST		springboot_home	1618732519062	1618732519073	OK	 
REQUEST		springboot_home	1618732519055	1618732519073	OK	 
REQUEST		springboot_home	1618732519062	1618732519073	OK	 
REQUEST		springboot_home	1618732519062	1618732519073	OK	 
REQUEST		springboot_home	1618732519068	1618732519078	OK	 
REQUEST		springboot_home	1618732519068	1618732519078	OK	 
REQUEST		springboot_home	1618732519062	1618732519078	OK	 
REQUEST		springboot_home	1618732519073	1618732519083	OK	 
REQUEST		springboot_home	1618732519068	1618732519083	OK	 
REQUEST		springboot_home	1618732519073	1618732519083	OK	 
REQUEST		springboot_home	1618732519068	1618732519083	OK	 
REQUEST		springboot_home	1618732519068	1618732519083	OK	 
REQUEST		springboot_home	1618732519073	1618732519089	OK	 
REQUEST		springboot_home	1618732519079	1618732519089	OK	 
REQUEST		springboot_home	1618732519079	1618732519089	OK	 
REQUEST		springboot_home	1618732519073	1618732519089	OK	 
REQUEST		springboot_home	1618732519079	1618732519093	OK	 
REQUEST		springboot_home	1618732519083	1618732519093	OK	 
REQUEST		springboot_home	1618732519083	1618732519093	OK	 
REQUEST		springboot_home	1618732519084	1618732519100	OK	 
REQUEST		springboot_home	1618732519089	1618732519100	OK	 
REQUEST		springboot_home	1618732519084	1618732519100	OK	 
REQUEST		springboot_home	1618732519089	1618732519100	OK	 
REQUEST		springboot_home	1618732519083	1618732519100	OK	 
REQUEST		springboot_home	1618732519093	1618732519104	OK	 
REQUEST		springboot_home	1618732519093	1618732519104	OK	 
REQUEST		springboot_home	1618732519089	1618732519104	OK	 
REQUEST		springboot_home	1618732519089	1618732519104	OK	 
REQUEST		springboot_home	1618732519100	1618732519110	OK	 
REQUEST		springboot_home	1618732519093	1618732519110	OK	 
REQUEST		springboot_home	1618732519100	1618732519111	OK	 
REQUEST		springboot_home	1618732519100	1618732519114	OK	 
REQUEST		springboot_home	1618732519100	1618732519114	OK	 
REQUEST		springboot_home	1618732519100	1618732519114	OK	 
REQUEST		springboot_home	1618732519104	1618732519114	OK	 
REQUEST		springboot_home	1618732519104	1618732519114	OK	 
REQUEST		springboot_home	1618732519111	1618732519123	OK	 
REQUEST		springboot_home	1618732519104	1618732519123	OK	 
REQUEST		springboot_home	1618732519111	1618732519123	OK	 
REQUEST		springboot_home	1618732519104	1618732519123	OK	 
REQUEST		springboot_home	1618732519115	1618732519124	OK	 
REQUEST		springboot_home	1618732519111	1618732519124	OK	 
REQUEST		springboot_home	1618732519115	1618732519125	OK	 
REQUEST		springboot_home	1618732519115	1618732519134	OK	 
REQUEST		springboot_home	1618732519115	1618732519134	OK	 
REQUEST		springboot_home	1618732519115	1618732519134	OK	 
REQUEST		springboot_home	1618732519124	1618732519134	OK	 
REQUEST		springboot_home	1618732519125	1618732519134	OK	 
REQUEST		springboot_home	1618732519124	1618732519134	OK	 
REQUEST		springboot_home	1618732519124	1618732519134	OK	 
REQUEST		springboot_home	1618732519124	1618732519135	OK	 
REQUEST		springboot_home	1618732519124	1618732519144	OK	 
REQUEST		springboot_home	1618732519134	1618732519144	OK	 
REQUEST		springboot_home	1618732519125	1618732519144	OK	 
REQUEST		springboot_home	1618732519135	1618732519146	OK	 
REQUEST		springboot_home	1618732519135	1618732519146	OK	 
REQUEST		springboot_home	1618732519134	1618732519146	OK	 
REQUEST		springboot_home	1618732519135	1618732519146	OK	 
REQUEST		springboot_home	1618732519134	1618732519146	OK	 
REQUEST		springboot_home	1618732519134	1618732519146	OK	 
REQUEST		springboot_home	1618732519144	1618732519155	OK	 
REQUEST		springboot_home	1618732519144	1618732519155	OK	 
REQUEST		springboot_home	1618732519135	1618732519155	OK	 
REQUEST		springboot_home	1618732519146	1618732519156	OK	 
REQUEST		springboot_home	1618732519146	1618732519156	OK	 
REQUEST		springboot_home	1618732519146	1618732519156	OK	 
REQUEST		springboot_home	1618732519144	1618732519156	OK	 
REQUEST		springboot_home	1618732519156	1618732519166	OK	 
REQUEST		springboot_home	1618732519146	1618732519166	OK	 
REQUEST		springboot_home	1618732519146	1618732519166	OK	 
REQUEST		springboot_home	1618732519146	1618732519166	OK	 
REQUEST		springboot_home	1618732519156	1618732519168	OK	 
REQUEST		springboot_home	1618732519156	1618732519168	OK	 
REQUEST		springboot_home	1618732519157	1618732519168	OK	 
REQUEST		springboot_home	1618732519157	1618732519168	OK	 
REQUEST		springboot_home	1618732519157	1618732519168	OK	 
REQUEST		springboot_home	1618732519166	1618732519177	OK	 
REQUEST		springboot_home	1618732519166	1618732519177	OK	 
REQUEST		springboot_home	1618732519157	1618732519177	OK	 
REQUEST		springboot_home	1618732519168	1618732519179	OK	 
REQUEST		springboot_home	1618732519168	1618732519179	OK	 
REQUEST		springboot_home	1618732519168	1618732519179	OK	 
REQUEST		springboot_home	1618732519166	1618732519179	OK	 
REQUEST		springboot_home	1618732519166	1618732519179	OK	 
REQUEST		springboot_home	1618732519168	1618732519188	OK	 
REQUEST		springboot_home	1618732519177	1618732519188	OK	 
REQUEST		springboot_home	1618732519168	1618732519188	OK	 
REQUEST		springboot_home	1618732519177	1618732519188	OK	 
REQUEST		springboot_home	1618732519179	1618732519190	OK	 
REQUEST		springboot_home	1618732519177	1618732519190	OK	 
REQUEST		springboot_home	1618732519179	1618732519190	OK	 
REQUEST		springboot_home	1618732519179	1618732519198	OK	 
REQUEST		springboot_home	1618732519188	1618732519198	OK	 
REQUEST		springboot_home	1618732519179	1618732519198	OK	 
REQUEST		springboot_home	1618732519188	1618732519198	OK	 
REQUEST		springboot_home	1618732519179	1618732519198	OK	 
REQUEST		springboot_home	1618732519188	1618732519201	OK	 
REQUEST		springboot_home	1618732519188	1618732519201	OK	 
REQUEST		springboot_home	1618732519190	1618732519201	OK	 
REQUEST		springboot_home	1618732519190	1618732519201	OK	 
REQUEST		springboot_home	1618732519190	1618732519209	OK	 
REQUEST		springboot_home	1618732519199	1618732519209	OK	 
REQUEST		springboot_home	1618732519199	1618732519209	OK	 
REQUEST		springboot_home	1618732519199	1618732519212	OK	 
REQUEST		springboot_home	1618732519202	1618732519212	OK	 
REQUEST		springboot_home	1618732519199	1618732519212	OK	 
REQUEST		springboot_home	1618732519202	1618732519212	OK	 
REQUEST		springboot_home	1618732519199	1618732519212	OK	 
REQUEST		springboot_home	1618732519209	1618732519219	OK	 
REQUEST		springboot_home	1618732519202	1618732519219	OK	 
REQUEST		springboot_home	1618732519202	1618732519219	OK	 
REQUEST		springboot_home	1618732519209	1618732519219	OK	 
REQUEST		springboot_home	1618732519213	1618732519226	OK	 
REQUEST		springboot_home	1618732519209	1618732519226	OK	 
REQUEST		springboot_home	1618732519213	1618732519226	OK	 
REQUEST		springboot_home	1618732519219	1618732519229	OK	 
REQUEST		springboot_home	1618732519213	1618732519229	OK	 
REQUEST		springboot_home	1618732519219	1618732519229	OK	 
REQUEST		springboot_home	1618732519213	1618732519229	OK	 
REQUEST		springboot_home	1618732519213	1618732519229	OK	 
REQUEST		springboot_home	1618732519219	1618732519237	OK	 
REQUEST		springboot_home	1618732519226	1618732519237	OK	 
REQUEST		springboot_home	1618732519226	1618732519237	OK	 
REQUEST		springboot_home	1618732519219	1618732519237	OK	 
REQUEST		springboot_home	1618732519229	1618732519240	OK	 
REQUEST		springboot_home	1618732519229	1618732519240	OK	 
REQUEST		springboot_home	1618732519226	1618732519240	OK	 
REQUEST		springboot_home	1618732519229	1618732519249	OK	 
REQUEST		springboot_home	1618732519229	1618732519249	OK	 
REQUEST		springboot_home	1618732519238	1618732519249	OK	 
REQUEST		springboot_home	1618732519229	1618732519249	OK	 
REQUEST		springboot_home	1618732519240	1618732519250	OK	 
REQUEST		springboot_home	1618732519238	1618732519250	OK	 
REQUEST		springboot_home	1618732519240	1618732519250	OK	 
REQUEST		springboot_home	1618732519238	1618732519250	OK	 
REQUEST		springboot_home	1618732519238	1618732519250	OK	 
REQUEST		springboot_home	1618732519249	1618732519259	OK	 
REQUEST		springboot_home	1618732519240	1618732519259	OK	 
REQUEST		springboot_home	1618732519249	1618732519259	OK	 
REQUEST		springboot_home	1618732519249	1618732519259	OK	 
REQUEST		springboot_home	1618732519250	1618732519261	OK	 
REQUEST		springboot_home	1618732519250	1618732519261	OK	 
REQUEST		springboot_home	1618732519249	1618732519261	OK	 
REQUEST		springboot_home	1618732519250	1618732519261	OK	 
REQUEST		springboot_home	1618732519250	1618732519269	OK	 
REQUEST		springboot_home	1618732519260	1618732519269	OK	 
REQUEST		springboot_home	1618732519250	1618732519269	OK	 
REQUEST		springboot_home	1618732519260	1618732519269	OK	 
REQUEST		springboot_home	1618732519261	1618732519271	OK	 
REQUEST		springboot_home	1618732519260	1618732519271	OK	 
REQUEST		springboot_home	1618732519260	1618732519271	OK	 
REQUEST		springboot_home	1618732519261	1618732519280	OK	 
REQUEST		springboot_home	1618732519270	1618732519280	OK	 
REQUEST		springboot_home	1618732519261	1618732519280	OK	 
REQUEST		springboot_home	1618732519270	1618732519280	OK	 
REQUEST		springboot_home	1618732519261	1618732519280	OK	 
REQUEST		springboot_home	1618732519272	1618732519281	OK	 
REQUEST		springboot_home	1618732519270	1618732519281	OK	 
REQUEST		springboot_home	1618732519272	1618732519281	OK	 
REQUEST		springboot_home	1618732519270	1618732519281	OK	 
REQUEST		springboot_home	1618732519272	1618732519291	OK	 
REQUEST		springboot_home	1618732519281	1618732519291	OK	 
REQUEST		springboot_home	1618732519281	1618732519294	OK	 
REQUEST		springboot_home	1618732519282	1618732519294	OK	 
REQUEST		springboot_home	1618732519282	1618732519294	OK	 
REQUEST		springboot_home	1618732519281	1618732519294	OK	 
REQUEST		springboot_home	1618732519281	1618732519294	OK	 
REQUEST		springboot_home	1618732519281	1618732519294	OK	 
REQUEST		springboot_home	1618732519292	1618732519303	OK	 
REQUEST		springboot_home	1618732519282	1618732519303	OK	 
REQUEST		springboot_home	1618732519282	1618732519303	OK	 
REQUEST		springboot_home	1618732519292	1618732519303	OK	 
REQUEST		springboot_home	1618732519294	1618732519304	OK	 
REQUEST		springboot_home	1618732519294	1618732519304	OK	 
REQUEST		springboot_home	1618732519294	1618732519304	OK	 
REQUEST		springboot_home	1618732519294	1618732519313	OK	 
REQUEST		springboot_home	1618732519303	1618732519313	OK	 
REQUEST		springboot_home	1618732519294	1618732519313	OK	 
REQUEST		springboot_home	1618732519294	1618732519313	OK	 
REQUEST		springboot_home	1618732519303	1618732519316	OK	 
REQUEST		springboot_home	1618732519304	1618732519315	OK	 
REQUEST		springboot_home	1618732519303	1618732519316	OK	 
REQUEST		springboot_home	1618732519304	1618732519315	OK	 
REQUEST		springboot_home	1618732519304	1618732519315	OK	 
REQUEST		springboot_home	1618732519303	1618732519327	OK	 
REQUEST		springboot_home	1618732519314	1618732519327	OK	 
REQUEST		springboot_home	1618732519314	1618732519327	OK	 
REQUEST		springboot_home	1618732519314	1618732519327	OK	 
REQUEST		springboot_home	1618732519314	1618732519329	OK	 
REQUEST		springboot_home	1618732519316	1618732519330	OK	 
REQUEST		springboot_home	1618732519316	1618732519330	OK	 
REQUEST		springboot_home	1618732519316	1618732519330	OK	 
REQUEST		springboot_home	1618732519328	1618732519338	OK	 
REQUEST		springboot_home	1618732519316	1618732519338	OK	 
REQUEST		springboot_home	1618732519328	1618732519338	OK	 
REQUEST		springboot_home	1618732519316	1618732519338	OK	 
REQUEST		springboot_home	1618732519328	1618732519340	OK	 
REQUEST		springboot_home	1618732519330	1618732519340	OK	 
REQUEST		springboot_home	1618732519328	1618732519340	OK	 
REQUEST		springboot_home	1618732519338	1618732519349	OK	 
REQUEST		springboot_home	1618732519330	1618732519349	OK	 
REQUEST		springboot_home	1618732519330	1618732519349	OK	 
REQUEST		springboot_home	1618732519329	1618732519349	OK	 
REQUEST		springboot_home	1618732519338	1618732519351	OK	 
REQUEST		springboot_home	1618732519341	1618732519351	OK	 
REQUEST		springboot_home	1618732519338	1618732519351	OK	 
REQUEST		springboot_home	1618732519338	1618732519351	OK	 
REQUEST		springboot_home	1618732519341	1618732519351	OK	 
REQUEST		springboot_home	1618732519350	1618732519359	OK	 
REQUEST		springboot_home	1618732519350	1618732519359	OK	 
REQUEST		springboot_home	1618732519341	1618732519359	OK	 
REQUEST		springboot_home	1618732519350	1618732519359	OK	 
REQUEST		springboot_home	1618732519352	1618732519362	OK	 
REQUEST		springboot_home	1618732519350	1618732519362	OK	 
REQUEST		springboot_home	1618732519352	1618732519362	OK	 
REQUEST		springboot_home	1618732519352	1618732519370	OK	 
REQUEST		springboot_home	1618732519360	1618732519370	OK	 
REQUEST		springboot_home	1618732519352	1618732519370	OK	 
REQUEST		springboot_home	1618732519352	1618732519370	OK	 
REQUEST		springboot_home	1618732519360	1618732519370	OK	 
REQUEST		springboot_home	1618732519363	1618732519373	OK	 
REQUEST		springboot_home	1618732519360	1618732519373	OK	 
REQUEST		springboot_home	1618732519360	1618732519373	OK	 
REQUEST		springboot_home	1618732519363	1618732519373	OK	 
REQUEST		springboot_home	1618732519371	1618732519380	OK	 
REQUEST		springboot_home	1618732519371	1618732519380	OK	 
REQUEST		springboot_home	1618732519363	1618732519380	OK	 
REQUEST		springboot_home	1618732519373	1618732519383	OK	 
REQUEST		springboot_home	1618732519371	1618732519383	OK	 
REQUEST		springboot_home	1618732519371	1618732519383	OK	 
REQUEST		springboot_home	1618732519373	1618732519383	OK	 
REQUEST		springboot_home	1618732519371	1618732519383	OK	 
REQUEST		springboot_home	1618732519373	1618732519391	OK	 
REQUEST		springboot_home	1618732519381	1618732519391	OK	 
REQUEST		springboot_home	1618732519373	1618732519391	OK	 
REQUEST		springboot_home	1618732519381	1618732519391	OK	 
REQUEST		springboot_home	1618732519381	1618732519395	OK	 
REQUEST		springboot_home	1618732519384	1618732519395	OK	 
REQUEST		springboot_home	1618732519384	1618732519395	OK	 
REQUEST		springboot_home	1618732519384	1618732519395	OK	 
REQUEST		springboot_home	1618732519384	1618732519401	OK	 
REQUEST		springboot_home	1618732519384	1618732519401	OK	 
REQUEST		springboot_home	1618732519391	1618732519401	OK	 
REQUEST		springboot_home	1618732519391	1618732519401	OK	 
REQUEST		springboot_home	1618732519391	1618732519405	OK	 
REQUEST		springboot_home	1618732519391	1618732519405	OK	 
REQUEST		springboot_home	1618732519395	1618732519405	OK	 
REQUEST		springboot_home	1618732519401	1618732519411	OK	 
REQUEST		springboot_home	1618732519395	1618732519411	OK	 
REQUEST		springboot_home	1618732519395	1618732519411	OK	 
REQUEST		springboot_home	1618732519395	1618732519411	OK	 
REQUEST		springboot_home	1618732519401	1618732519416	OK	 
REQUEST		springboot_home	1618732519401	1618732519416	OK	 
REQUEST		springboot_home	1618732519405	1618732519416	OK	 
REQUEST		springboot_home	1618732519401	1618732519416	OK	 
REQUEST		springboot_home	1618732519405	1618732519416	OK	 
REQUEST		springboot_home	1618732519405	1618732519423	OK	 
REQUEST		springboot_home	1618732519411	1618732519423	OK	 
REQUEST		springboot_home	1618732519411	1618732519423	OK	 
REQUEST		springboot_home	1618732519411	1618732519423	OK	 
REQUEST		springboot_home	1618732519417	1618732519427	OK	 
REQUEST		springboot_home	1618732519417	1618732519427	OK	 
REQUEST		springboot_home	1618732519417	1618732519427	OK	 
REQUEST		springboot_home	1618732519411	1618732519427	OK	 
REQUEST		springboot_home	1618732519423	1618732519434	OK	 
REQUEST		springboot_home	1618732519417	1618732519434	OK	 
REQUEST		springboot_home	1618732519423	1618732519434	OK	 
REQUEST		springboot_home	1618732519417	1618732519434	OK	 
REQUEST		springboot_home	1618732519423	1618732519440	OK	 
REQUEST		springboot_home	1618732519423	1618732519440	OK	 
REQUEST		springboot_home	1618732519427	1618732519440	OK	 
REQUEST		springboot_home	1618732519434	1618732519444	OK	 
REQUEST		springboot_home	1618732519434	1618732519444	OK	 
REQUEST		springboot_home	1618732519427	1618732519444	OK	 
REQUEST		springboot_home	1618732519427	1618732519444	OK	 
REQUEST		springboot_home	1618732519427	1618732519444	OK	 
REQUEST		springboot_home	1618732519441	1618732519451	OK	 
REQUEST		springboot_home	1618732519435	1618732519451	OK	 
REQUEST		springboot_home	1618732519440	1618732519451	OK	 
REQUEST		springboot_home	1618732519434	1618732519451	OK	 
REQUEST		springboot_home	1618732519444	1618732519454	OK	 
REQUEST		springboot_home	1618732519441	1618732519454	OK	 
REQUEST		springboot_home	1618732519444	1618732519455	OK	 
REQUEST		springboot_home	1618732519444	1618732519461	OK	 
REQUEST		springboot_home	1618732519444	1618732519461	OK	 
REQUEST		springboot_home	1618732519444	1618732519461	OK	 
REQUEST		springboot_home	1618732519451	1618732519461	OK	 
REQUEST		springboot_home	1618732519455	1618732519466	OK	 
REQUEST		springboot_home	1618732519455	1618732519466	OK	 
REQUEST		springboot_home	1618732519451	1618732519466	OK	 
REQUEST		springboot_home	1618732519451	1618732519466	OK	 
REQUEST		springboot_home	1618732519451	1618732519466	OK	 
REQUEST		springboot_home	1618732519455	1618732519472	OK	 
REQUEST		springboot_home	1618732519462	1618732519472	OK	 
REQUEST		