RUN	SpringBootSimulation	springbootsimulation	1618802829530	 	3.5.0
USER	SpringBootSimulation	START	1618802831109
USER	SpringBootSimulation	START	1618802831109
USER	SpringBootSimulation	START	1618802831109
USER	SpringBootSimulation	START	1618802831109
USER	SpringBootSimulation	START	1618802831109
USER	SpringBootSimulation	START	1618802831109
USER	SpringBootSimulation	START	1618802831109
USER	SpringBootSimulation	START	1618802831109
USER	SpringBootSimulation	START	1618802831109
USER	SpringBootSimulation	START	1618802831109
REQUEST		springboot_home	1618802831181	1618802831312	KO	status.find.is(200), but actually found 502
REQUEST		springboot_home	1618802831183	1618802831321	OK	 
REQUEST		springboot_home	1618802831183	1618802831321	OK	 
REQUEST		springboot_home	1618802831183	1618802831321	OK	 
REQUEST		springboot_home	1618802831361	1618802831376	OK	 
REQUEST		springboot_home	1618802831179	1618802831314	OK	 
REQUEST		springboot_home	1618802831179	1618802831312	OK	 
REQUEST		springboot_home	1618802831390	1618802831407	OK	 
REQUEST		springboot_home	1618802831391	1618802831409	OK	 
REQUEST		springboot_home	1618802831391	1618802831412	OK	 
REQUEST		springboot_home	1618802831392	1618802831414	OK	 
REQUEST		springboot_home	1618802831393	1618802831416	OK	 
REQUEST		springboot_home	1618802831393	1618802831418	OK	 
REQUEST		springboot_home	1618802831408	1618802831423	OK	 
REQUEST		springboot_home	1618802831410	1618802831425	OK	 
REQUEST		springboot_home	1618802831413	1618802831428	OK	 
REQUEST		springboot_home	1618802831415	1618802831430	OK	 
REQUEST		springboot_home	1618802831417	1618802831433	OK	 
REQUEST		springboot_home	1618802831419	1618802831434	OK	 
REQUEST		springboot_home	1618802831424	1618802831439	OK	 
REQUEST		springboot_home	1618802831426	1618802831441	OK	 
REQUEST		springboot_home	1618802831431	1618802831446	OK	 
REQUEST		springboot_home	1618802831429	1618802831447	OK	 
REQUEST		springboot_home	1618802831434	1618802831450	OK	 
REQUEST		springboot_home	1618802831436	1618802831451	OK	 
REQUEST		springboot_home	1618802831440	1618802831454	OK	 
REQUEST		springboot_home	1618802831442	1618802831457	OK	 
REQUEST		springboot_home	1618802831447	1618802831462	OK	 
REQUEST		springboot_home	1618802831448	1618802831464	OK	 
REQUEST		springboot_home	1618802831451	1618802831466	OK	 
REQUEST		springboot_home	1618802831452	1618802831468	OK	 
REQUEST		springboot_home	1618802831455	1618802831470	OK	 
REQUEST		springboot_home	1618802831459	1618802831472	OK	 
REQUEST		springboot_home	1618802831463	1618802831479	OK	 
REQUEST		springboot_home	1618802831465	1618802831480	OK	 
REQUEST		springboot_home	1618802831467	1618802831482	OK	 
REQUEST		springboot_home	1618802831469	1618802831482	OK	 
REQUEST		springboot_home	1618802831471	1618802831485	OK	 
REQUEST		springboot_home	1618802831474	1618802831488	OK	 
REQUEST		springboot_home	1618802831480	1618802831495	OK	 
REQUEST		springboot_home	1618802831482	1618802831497	OK	 
REQUEST		springboot_home	1618802831482	1618802831499	OK	 
REQUEST		springboot_home	1618802831483	1618802831500	OK	 
REQUEST		springboot_home	1618802831490	1618802831504	OK	 
REQUEST		springboot_home	1618802831486	1618802831504	OK	 
REQUEST		springboot_home	1618802831497	1618802831511	OK	 
REQUEST		springboot_home	1618802831497	1618802831512	OK	 
REQUEST		springboot_home	1618802831501	1618802831517	OK	 
REQUEST		springboot_home	1618802831500	1618802831519	OK	 
REQUEST		springboot_home	1618802831505	1618802831520	OK	 
REQUEST		springboot_home	1618802831505	1618802831522	OK	 
REQUEST		springboot_home	1618802831512	1618802831526	OK	 
REQUEST		springboot_home	1618802831513	1618802831527	OK	 
REQUEST		springboot_home	1618802831520	1618802831538	OK	 
REQUEST		springboot_home	1618802831521	1618802831538	OK	 
REQUEST		springboot_home	1618802831518	1618802831538	OK	 
REQUEST		springboot_home	1618802831523	1618802831540	OK	 
REQUEST		springboot_home	1618802831527	1618802831541	OK	 
REQUEST		springboot_home	1618802831528	1618802831544	OK	 
REQUEST		springboot_home	1618802831539	1618802831553	OK	 
REQUEST		springboot_home	1618802831539	1618802831555	OK	 
REQUEST		springboot_home	1618802831539	1618802831556	OK	 
REQUEST		springboot_home	1618802831541	1618802831558	OK	 
REQUEST		springboot_home	1618802831542	1618802831560	OK	 
REQUEST		springboot_home	1618802831545	1618802831562	OK	 
REQUEST		springboot_home	1618802831556	1618802831569	OK	 
REQUEST		springboot_home	1618802831554	1618802831571	OK	 
REQUEST		springboot_home	1618802831557	1618802831572	OK	 
REQUEST		springboot_home	1618802831559	1618802831572	OK	 
REQUEST		springboot_home	1618802831561	1618802831576	OK	 
REQUEST		springboot_home	1618802831563	1618802831583	OK	 
REQUEST		springboot_home	1618802831570	1618802831585	OK	 
REQUEST		springboot_home	1618802831572	1618802831586	OK	 
REQUEST		springboot_home	1618802831573	1618802831588	OK	 
REQUEST		springboot_home	1618802831573	1618802831590	OK	 
REQUEST		springboot_home	1618802831577	1618802831596	OK	 
REQUEST		springboot_home	1618802831584	1618802831598	OK	 
REQUEST		springboot_home	1618802831586	1618802831600	OK	 
REQUEST		springboot_home	1618802831587	1618802831602	OK	 
REQUEST		springboot_home	1618802831589	1618802831603	OK	 
REQUEST		springboot_home	1618802831591	1618802831609	OK	 
REQUEST		springboot_home	1618802831598	1618802831615	OK	 
REQUEST		springboot_home	1618802831597	1618802831615	OK	 
REQUEST		springboot_home	1618802831602	1618802831616	OK	 
REQUEST		springboot_home	1618802831604	1618802831626	OK	 
REQUEST		springboot_home	1618802831604	1618802831627	OK	 
REQUEST		springboot_home	1618802831610	1618802831631	OK	 
REQUEST		springboot_home	1618802831616	1618802831631	OK	 
REQUEST		springboot_home	1618802831616	1618802831632	OK	 
REQUEST		springboot_home	1618802831617	1618802831634	OK	 
REQUEST		springboot_home	1618802831626	1618802831641	OK	 
REQUEST		springboot_home	1618802831628	1618802831642	OK	 
REQUEST		springboot_home	1618802831632	1618802831646	OK	 
REQUEST		springboot_home	1618802831632	1618802831648	OK	 
REQUEST		springboot_home	1618802831633	1618802831650	OK	 
REQUEST		springboot_home	1618802831635	1618802831651	OK	 
REQUEST		springboot_home	1618802831642	1618802831655	OK	 
REQUEST		springboot_home	1618802831643	1618802831656	OK	 
REQUEST		springboot_home	1618802831647	1618802831661	OK	 
REQUEST		springboot_home	1618802831649	1618802831662	OK	 
REQUEST		springboot_home	1618802831650	1618802831664	OK	 
REQUEST		springboot_home	1618802831652	1618802831665	OK	 
REQUEST		springboot_home	1618802831656	1618802831669	OK	 
REQUEST		springboot_home	1618802831657	1618802831671	OK	 
REQUEST		springboot_home	1618802831662	1618802831676	OK	 
REQUEST		springboot_home	1618802831663	1618802831677	OK	 
REQUEST		springboot_home	1618802831665	1618802831678	OK	 
REQUEST		springboot_home	1618802831666	1618802831680	OK	 
REQUEST		springboot_home	1618802831670	1618802831683	OK	 
REQUEST		springboot_home	1618802831672	1618802831686	OK	 
REQUEST		springboot_home	1618802831676	1618802831690	OK	 
REQUEST		springboot_home	1618802831678	1618802831691	OK	 
REQUEST		springboot_home	1618802831679	1618802831694	OK	 
REQUEST		springboot_home	1618802831685	1618802831698	OK	 
REQUEST		springboot_home	1618802831681	1618802831700	OK	 
REQUEST		springboot_home	1618802831687	1618802831701	OK	 
REQUEST		springboot_home	1618802831691	1618802831704	OK	 
REQUEST		springboot_home	1618802831692	1618802831705	OK	 
REQUEST		springboot_home	1618802831695	1618802831709	OK	 
REQUEST		springboot_home	1618802831699	1618802831714	OK	 
REQUEST		springboot_home	1618802831701	1618802831715	OK	 
REQUEST		springboot_home	1618802831702	1618802831717	OK	 
REQUEST		springboot_home	1618802831705	1618802831720	OK	 
REQUEST		springboot_home	1618802831706	1618802831721	OK	 
REQUEST		springboot_home	1618802831710	1618802831723	OK	 
REQUEST		springboot_home	1618802831715	1618802831728	OK	 
REQUEST		springboot_home	1618802831716	1618802831730	OK	 
REQUEST		springboot_home	1618802831718	1618802831732	OK	 
REQUEST		springboot_home	1618802831721	1618802831735	OK	 
REQUEST		springboot_home	1618802831722	1618802831736	OK	 
REQUEST		springboot_home	1618802831724	1618802831739	OK	 
REQUEST		springboot_home	1618802831730	1618802831743	OK	 
REQUEST		springboot_home	1618802831731	1618802831746	OK	 
REQUEST		springboot_home	1618802831733	1618802831747	OK	 
REQUEST		springboot_home	1618802831736	1618802831751	OK	 
REQUEST		springboot_home	1618802831737	1618802831752	OK	 
REQUEST		springboot_home	1618802831740	1618802831753	OK	 
REQUEST		springboot_home	1618802831744	1618802831757	OK	 
REQUEST		springboot_home	1618802831747	1618802831761	OK	 
REQUEST		springboot_home	1618802831748	1618802831762	OK	 
REQUEST		springboot_home	1618802831752	1618802831765	OK	 
REQUEST		springboot_home	1618802831752	1618802831766	OK	 
REQUEST		springboot_home	1618802831754	1618802831769	OK	 
REQUEST		springboot_home	1618802831758	1618802831772	OK	 
REQUEST		springboot_home	1618802831762	1618802831777	OK	 
REQUEST		springboot_home	1618802831762	1618802831779	OK	 
REQUEST		springboot_home	1618802831766	1618802831780	OK	 
REQUEST		springboot_home	1618802831767	1618802831782	OK	 
REQUEST		springboot_home	1618802831770	1618802831785	OK	 
REQUEST		springboot_home	1618802831773	1618802831787	OK	 
REQUEST		springboot_home	1618802831777	1618802831791	OK	 
REQUEST		springboot_home	1618802831780	1618802831793	OK	 
REQUEST		springboot_home	1618802831781	1618802831795	OK	 
REQUEST		springboot_home	1618802831783	1618802831797	OK	 
REQUEST		springboot_home	1618802831785	1618802831799	OK	 
REQUEST		springboot_home	1618802831788	1618802831805	OK	 
REQUEST		springboot_home	1618802831791	1618802831805	OK	 
REQUEST		springboot_home	1618802831794	1618802831808	OK	 
REQUEST		springboot_home	1618802831798	1618802831812	OK	 
REQUEST		springboot_home	1618802831796	1618802831812	OK	 
REQUEST		springboot_home	1618802831800	1618802831815	OK	 
REQUEST		springboot_home	1618802831806	1618802831820	OK	 
REQUEST		springboot_home	1618802831806	1618802831822	OK	 
REQUEST		springboot_home	1618802831808	1618802831823	OK	 
REQUEST		springboot_home	1618802831813	1618802831827	OK	 
REQUEST		springboot_home	1618802831813	1618802831829	OK	 
REQUEST		springboot_home	1618802831815	1618802831831	OK	 
REQUEST		springboot_home	1618802831821	1618802831835	OK	 
REQUEST		springboot_home	1618802831823	1618802831837	OK	 
REQUEST		springboot_home	1618802831824	1618802831838	OK	 
REQUEST		springboot_home	1618802831828	1618802831841	OK	 
REQUEST		springboot_home	1618802831830	1618802831844	OK	 
REQUEST		springboot_home	1618802831832	1618802831846	OK	 
REQUEST		springboot_home	1618802831835	1618802831849	OK	 
REQUEST		springboot_home	1618802831838	1618802831851	OK	 
REQUEST		springboot_home	1618802831839	1618802831852	OK	 
REQUEST		springboot_home	1618802831843	1618802831856	OK	 
REQUEST		springboot_home	1618802831844	1618802831858	OK	 
REQUEST		springboot_home	1618802831847	1618802831860	OK	 
REQUEST		springboot_home	1618802831849	1618802831863	OK	 
REQUEST		springboot_home	1618802831852	1618802831865	OK	 
REQUEST		springboot_home	1618802831853	1618802831867	OK	 
REQUEST		springboot_home	1618802831857	1618802831871	OK	 
REQUEST		springboot_home	1618802831859	1618802831873	OK	 
REQUEST		springboot_home	1618802831861	1618802831874	OK	 
REQUEST		springboot_home	1618802831864	1618802831877	OK	 
REQUEST		springboot_home	1618802831866	1618802831878	OK	 
REQUEST		springboot_home	1618802831868	1618802831881	OK	 
REQUEST		springboot_home	1618802831872	1618802831887	OK	 
REQUEST		springboot_home	1618802831874	1618802831887	OK	 
REQUEST		springboot_home	1618802831875	1618802831889	OK	 
REQUEST		springboot_home	1618802831878	1618802831892	OK	 
REQUEST		springboot_home	1618802831879	1618802831894	OK	 
REQUEST		springboot_home	1618802831882	1618802831895	OK	 
REQUEST		springboot_home	1618802831888	1618802831903	OK	 
REQUEST		springboot_home	1618802831888	1618802831903	OK	 
REQUEST		springboot_home	1618802831890	1618802831905	OK	 
REQUEST		springboot_home	1618802831893	1618802831908	OK	 
REQUEST		springboot_home	1618802831895	1618802831909	OK	 
REQUEST		springboot_home	1618802831896	1618802831910	OK	 
REQUEST		springboot_home	1618802831904	1618802831917	OK	 
REQUEST		springboot_home	1618802831904	1618802831920	OK	 
REQUEST		springboot_home	1618802831905	1618802831922	OK	 
REQUEST		springboot_home	1618802831909	1618802831923	OK	 
REQUEST		springboot_home	1618802831909	1618802831925	OK	 
REQUEST		springboot_home	1618802831910	1618802831926	OK	 
REQUEST		springboot_home	1618802831918	1618802831932	OK	 
REQUEST		springboot_home	1618802831921	1618802831936	OK	 
REQUEST		springboot_home	1618802831923	1618802831940	OK	 
REQUEST		springboot_home	1618802831924	1618802831940	OK	 
REQUEST		springboot_home	1618802831926	1618802831942	OK	 
REQUEST		springboot_home	1618802831927	1618802831942	OK	 
REQUEST		springboot_home	1618802831932	1618802831946	OK	 
REQUEST		springboot_home	1618802831936	1618802831950	OK	 
REQUEST		springboot_home	1618802831941	1618802831958	OK	 
REQUEST		springboot_home	1618802831941	1618802831958	OK	 
REQUEST		springboot_home	1618802831942	1618802831958	OK	 
REQUEST		springboot_home	1618802831942	1618802831968	OK	 
REQUEST		springboot_home	1618802831946	1618802831972	OK	 
REQUEST		springboot_home	1618802831950	1618802831972	OK	 
REQUEST		springboot_home	1618802831959	1618802831978	OK	 
REQUEST		springboot_home	1618802831959	1618802831981	OK	 
REQUEST		springboot_home	1618802831959	1618802831982	OK	 
REQUEST		springboot_home	1618802831969	1618802831984	OK	 
REQUEST		springboot_home	1618802831973	1618802831987	OK	 
REQUEST		springboot_home	1618802831973	1618802831993	OK	 
REQUEST		springboot_home	1618802831982	1618802831996	OK	 
REQUEST		springboot_home	1618802831978	1618802831996	OK	 
REQUEST		springboot_home	1618802831983	1618802831998	OK	 
REQUEST		springboot_home	1618802831985	1618802832001	OK	 
REQUEST		springboot_home	1618802831988	1618802832008	OK	 
REQUEST		springboot_home	1618802831993	1618802832012	OK	 
REQUEST		springboot_home	1618802831997	1618802832013	OK	 
REQUEST		springboot_home	1618802831998	1618802832021	OK	 
REQUEST		springboot_home	1618802831997	1618802832021	OK	 
REQUEST		springboot_home	1618802832002	1618802832021	OK	 
REQUEST		springboot_home	1618802832009	1618802832023	OK	 
REQUEST		springboot_home	1618802832012	1618802832031	OK	 
REQUEST		springboot_home	1618802832014	1618802832035	OK	 
REQUEST		springboot_home	1618802832022	1618802832036	OK	 
REQUEST		springboot_home	1618802832022	1618802832038	OK	 
REQUEST		springboot_home	1618802832022	1618802832040	OK	 
REQUEST		springboot_home	1618802832024	1618802832041	OK	 
REQUEST		springboot_home	1618802832036	1618802832065	OK	 
REQUEST		springboot_home	1618802832032	1618802832065	OK	 
REQUEST		springboot_home	1618802832042	1618802832065	OK	 
REQUEST		springboot_home	1618802832041	1618802832065	OK	 
REQUEST		springboot_home	1618802832039	1618802832065	OK	 
REQUEST		springboot_home	1618802832037	1618802832065	OK	 
REQUEST		springboot_home	1618802832066	1618802832081	OK	 
REQUEST		springboot_home	1618802832066	1618802832083	OK	 
REQUEST		springboot_home	1618802832066	1618802832085	OK	 
REQUEST		springboot_home	1618802832066	1618802832087	OK	 
REQUEST		springboot_home	1618802832066	1618802832089	OK	 
REQUEST		springboot_home	1618802832066	1618802832092	OK	 
REQUEST		springboot_home	1618802832083	1618802832097	OK	 
REQUEST		springboot_home	1618802832084	1618802832100	OK	 
REQUEST		springboot_home	1618802832086	1618802832101	OK	 
REQUEST		springboot_home	1618802832088	1618802832103	OK	 
REQUEST		springboot_home	1618802832090	1618802832106	OK	 
REQUEST		springboot_home	1618802832093	1618802832108	OK	 
REQUEST		springboot_home	1618802832098	1618802832111	OK	 
REQUEST		springboot_home	1618802832101	1618802832115	OK	 
REQUEST		springboot_home	1618802832102	1618802832116	OK	 
REQUEST		springboot_home	1618802832104	1618802832119	OK	 
REQUEST		springboot_home	1618802832107	1618802832122	OK	 
REQUEST		springboot_home	1618802832109	1618802832122	OK	 
REQUEST		springboot_home	1618802832112	1618802832127	OK	 
USER	SpringBootSimulation	END	1618802832129
USER	SpringBootSimulation	END	1618802832129
USER	SpringBootSimulation	END	1618802832129
USER	SpringBootSimulation	END	1618802832129
USER	SpringBootSimulation	END	1618802832129
USER	SpringBootSimulation	END	1618802832129
REQUEST		springboot_home	1618802831182	1618802832257	OK	 
USER	SpringBootSimulation	END	1618802832259
REQUEST		springboot_home	1618802831182	1618802832259	OK	 
USER	SpringBootSimulation	END	1618802832260
REQUEST		springboot_home	1618802831179	1618802832267	OK	 
REQUEST		springboot_home	1618802831180	1618802832267	OK	 
USER	SpringBootSimulation	END	1618802832268
USER	SpringBootSimulation	END	1618802832268
